2017-04-18 14:50:52,947 - newUK - INFO - 此次验证新UK ：0
2017-04-18 14:50:52,950 - writeMySQL - INFO - 当前新UK数 ：0
2017-04-18 14:55:04,092 - newUK - INFO - 此次验证新UK ：0
2017-04-18 14:55:04,095 - writeMySQL - INFO - 当前新UK数 ：0
2017-04-18 14:55:04,782 - getUk-1 - INFO - Now is searching: 爱与黑暗的故事
2017-04-18 14:55:04,782 - getUk-2 - INFO - Now is searching: 五十度黑
2017-04-18 14:55:05,016 - getUk-1 - DEBUG - 使用本地IP
2017-04-18 14:55:05,017 - getUk-2 - DEBUG - 使用本地IP
2017-04-18 14:55:05,165 - getUk-1 - DEBUG - 使用本地IP
2017-04-18 14:55:05,167 - getUk-2 - DEBUG - 使用本地IP
2017-04-18 14:55:05,312 - getUk-2 - DEBUG - 使用本地IP
2017-04-18 14:55:05,315 - getUk-1 - DEBUG - 使用本地IP
2017-04-18 14:55:05,463 - getUk-1 - DEBUG - 使用本地IP
2017-04-18 14:55:05,486 - getUk-2 - DEBUG - 使用本地IP
2017-04-18 14:55:05,961 - getUk-1 - DEBUG - 使用本地IP
2017-04-18 14:55:05,973 - getUk-2 - DEBUG - 使用本地IP
2017-04-18 14:55:06,138 - getUk-1 - DEBUG - 使用本地IP
2017-04-18 14:55:06,141 - getUk-2 - DEBUG - 使用本地IP
2017-04-18 14:55:06,288 - getUk-1 - DEBUG - 使用本地IP
2017-04-18 14:55:06,316 - getUk-2 - DEBUG - 使用本地IP
2017-04-18 14:55:06,450 - getUk-1 - DEBUG - 使用本地IP
2017-04-18 14:55:06,467 - getUk-2 - DEBUG - 使用本地IP
2017-04-18 14:55:06,836 - getUk-1 - DEBUG - 使用本地IP
2017-04-18 14:55:06,845 - getUk-2 - DEBUG - 使用本地IP
2017-04-18 14:55:07,177 - getUk-2 - DEBUG - 使用本地IP
2017-04-18 14:55:07,187 - getUk-1 - DEBUG - 使用本地IP
2017-04-18 14:55:12,180 - getUk-2 - INFO - Now is searching: 怒
2017-04-18 14:55:12,190 - getUk-1 - INFO - Now is searching: 无限循环
2017-04-18 14:55:12,349 - getUk-2 - DEBUG - 使用本地IP
2017-04-18 14:55:12,351 - getUk-1 - DEBUG - 使用本地IP
2017-04-18 14:55:12,503 - getUk-2 - DEBUG - 使用本地IP
2017-04-18 14:55:12,529 - getUk-1 - DEBUG - 使用本地IP
2017-04-18 14:55:12,673 - getUk-2 - DEBUG - 使用本地IP
2017-04-18 14:55:12,694 - getUk-1 - DEBUG - 使用本地IP
2017-04-18 14:55:12,858 - getUk-2 - DEBUG - 使用本地IP
2017-04-18 14:55:12,858 - getUk-1 - DEBUG - 使用本地IP
2017-04-18 14:55:13,033 - getUk-1 - DEBUG - 使用本地IP
2017-04-18 14:55:13,055 - getUk-2 - DEBUG - 使用本地IP
2017-04-18 14:55:13,200 - getUk-1 - DEBUG - 使用本地IP
2017-04-18 14:55:13,227 - getUk-2 - DEBUG - 使用本地IP
2017-04-18 14:55:13,368 - getUk-1 - DEBUG - 使用本地IP
2017-04-18 14:55:13,391 - getUk-2 - DEBUG - 使用本地IP
2017-04-18 14:55:13,546 - getUk-1 - DEBUG - 使用本地IP
2017-04-18 14:55:13,549 - getUk-2 - DEBUG - 使用本地IP
2017-04-18 14:55:13,697 - getUk-2 - DEBUG - 使用本地IP
2017-04-18 14:55:13,709 - getUk-1 - DEBUG - 使用本地IP
2017-04-18 14:55:13,864 - getUk-2 - DEBUG - 使用本地IP
2017-04-18 14:55:13,895 - getUk-1 - DEBUG - 使用本地IP
2017-04-18 14:55:18,867 - getUk-2 - INFO - Now is searching: 无名女尸
2017-04-18 14:55:18,898 - getUk-1 - INFO - Now is searching: 独家新闻
2017-04-18 14:55:19,450 - getUk-2 - DEBUG - 使用本地IP
2017-04-18 14:55:19,721 - getUk-1 - DEBUG - 使用本地IP
2017-04-18 14:55:19,828 - getUk-2 - DEBUG - 使用本地IP
2017-04-18 14:55:19,890 - getUk-1 - DEBUG - 使用本地IP
2017-04-18 14:55:19,993 - getUk-2 - DEBUG - 使用本地IP
2017-04-18 14:55:20,072 - getUk-1 - DEBUG - 使用本地IP
2017-04-18 14:55:20,171 - getUk-2 - DEBUG - 使用本地IP
2017-04-18 14:55:20,273 - getUk-1 - DEBUG - 使用本地IP
2017-04-18 14:55:20,348 - getUk-2 - DEBUG - 使用本地IP
2017-04-18 14:55:20,444 - getUk-1 - DEBUG - 使用本地IP
2017-04-18 14:55:20,520 - getUk-2 - DEBUG - 使用本地IP
2017-04-18 14:55:20,621 - getUk-1 - DEBUG - 使用本地IP
2017-04-18 14:55:20,697 - getUk-2 - DEBUG - 使用本地IP
2017-04-18 14:55:20,846 - getUk-1 - DEBUG - 使用本地IP
2017-04-18 14:55:20,888 - getUk-2 - DEBUG - 使用本地IP
2017-04-18 14:55:21,002 - getUk-1 - DEBUG - 使用本地IP
2017-04-18 14:55:21,058 - getUk-2 - DEBUG - 使用本地IP
2017-04-18 14:55:21,171 - getUk-1 - DEBUG - 使用本地IP
2017-04-18 14:55:21,220 - getUk-2 - DEBUG - 使用本地IP
2017-04-18 14:55:21,365 - getUk-1 - DEBUG - 使用本地IP
2017-04-18 14:55:26,223 - getUk-2 - INFO - Now is searching: 密探
2017-04-18 14:55:26,367 - getUk-1 - INFO - Now is searching: 大明锦衣卫
2017-04-18 14:55:26,391 - getUk-2 - DEBUG - 使用本地IP
2017-04-18 14:55:26,536 - getUk-1 - DEBUG - 使用本地IP
2017-04-18 14:55:26,562 - getUk-2 - DEBUG - 使用本地IP
2017-04-18 14:55:26,723 - getUk-1 - DEBUG - 使用本地IP
2017-04-18 14:55:26,737 - getUk-2 - DEBUG - 使用本地IP
2017-04-18 14:55:27,411 - getUk-1 - DEBUG - 使用本地IP
2017-04-18 14:55:27,411 - getUk-2 - DEBUG - 使用本地IP
2017-04-18 14:55:27,581 - getUk-1 - DEBUG - 使用本地IP
2017-04-18 14:55:27,585 - getUk-2 - DEBUG - 使用本地IP
2017-04-18 14:55:27,755 - getUk-1 - DEBUG - 使用本地IP
2017-04-18 14:55:27,759 - getUk-2 - DEBUG - 使用本地IP
2017-04-18 14:55:27,931 - getUk-2 - DEBUG - 使用本地IP
2017-04-18 14:55:27,934 - getUk-1 - DEBUG - 使用本地IP
2017-04-18 14:55:28,099 - getUk-2 - DEBUG - 使用本地IP
2017-04-18 14:55:28,131 - getUk-1 - DEBUG - 使用本地IP
2017-04-18 14:55:28,278 - getUk-2 - DEBUG - 使用本地IP
2017-04-18 14:55:28,302 - getUk-1 - DEBUG - 使用本地IP
2017-04-18 14:55:28,464 - getUk-2 - DEBUG - 使用本地IP
2017-04-18 14:55:28,470 - getUk-1 - DEBUG - 使用本地IP
2017-04-18 14:55:28,641 - getUk-1 - DEBUG - 使用本地IP
2017-04-18 14:55:30,000 - queueSize - INFO - Q1 Size：0; Q2 Size：0; Q3 Size：0; Q4 Size：0; Q5 Size：26;
2017-04-18 15:03:21,743 - newUK - INFO - 此次验证新UK ：0
2017-04-18 15:03:21,743 - writeMySQL - INFO - 当前新UK数 ：0
2017-04-18 15:03:23,053 - getUk-1 - INFO - Now is searching: 爱与黑暗的故事
2017-04-18 15:03:23,055 - getUk-2 - INFO - Now is searching: 五十度黑
2017-04-18 15:03:24,661 - getUk-1 - DEBUG - 使用本地IP
2017-04-18 15:03:24,665 - getUk-2 - DEBUG - 使用本地IP
2017-04-18 15:03:25,234 - getUk-2 - DEBUG - 使用本地IP
2017-04-18 15:03:25,282 - getUk-1 - DEBUG - 使用本地IP
2017-04-18 15:03:25,969 - getUk-2 - DEBUG - 使用本地IP
2017-04-18 15:03:25,973 - getUk-1 - DEBUG - 使用本地IP
2017-04-18 15:03:27,273 - getUk-1 - DEBUG - 使用本地IP
2017-04-18 15:03:27,276 - getUk-2 - DEBUG - 使用本地IP
2017-04-18 15:03:28,354 - getUk-1 - DEBUG - 使用本地IP
2017-04-18 15:03:28,357 - getUk-2 - DEBUG - 使用本地IP
2017-04-18 15:03:29,088 - getUk-2 - DEBUG - 使用本地IP
2017-04-18 15:03:29,092 - getUk-1 - DEBUG - 使用本地IP
2017-04-18 15:03:29,667 - getUk-2 - DEBUG - 使用本地IP
2017-04-18 15:03:29,687 - getUk-1 - DEBUG - 使用本地IP
2017-04-18 15:03:30,000 - queueSize - INFO - Q1 Size：48; Q2 Size：0; Q3 Size：0; Q4 Size：0; Q5 Size：32;
2017-04-18 15:03:30,484 - getUk-2 - DEBUG - 使用本地IP
2017-04-18 15:03:30,845 - getUk-1 - DEBUG - 使用本地IP
2017-04-18 15:03:31,381 - getUk-2 - DEBUG - 使用本地IP
2017-04-18 15:03:31,947 - getUk-1 - DEBUG - 使用本地IP
2017-04-18 15:03:32,331 - getUk-2 - DEBUG - 使用本地IP
2017-04-18 15:03:33,125 - getUk-1 - DEBUG - 使用本地IP
2017-04-18 15:03:37,332 - getUk-2 - INFO - Now is searching: 怒
2017-04-18 15:03:38,125 - getUk-1 - INFO - Now is searching: 无限循环
2017-04-18 15:03:38,163 - getUk-2 - DEBUG - 使用本地IP
2017-04-18 15:03:40,196 - getUk-2 - DEBUG - 使用本地IP
2017-04-18 15:03:40,203 - getUk-1 - DEBUG - 使用本地IP
2017-04-18 15:03:41,260 - getUk-1 - DEBUG - 使用本地IP
2017-04-18 15:03:41,493 - proxyCheck - DEBUG - 113.122.4.59:808 works
2017-04-18 15:03:41,505 - getUk-2 - DEBUG - 使用本地IP
2017-04-18 15:03:42,282 - getUk-1 - DEBUG - 使用本地IP
2017-04-18 15:03:42,657 - proxySource - DEBUG - 61.186.164.98:8080 works
2017-04-18 15:03:42,684 - getUk-2 - DEBUG - 使用本地IP
2017-04-18 15:03:43,858 - getUk-2 - DEBUG - 使用本地IP
2017-04-18 15:03:44,269 - getUk-1 - DEBUG - 使用本地IP
2017-04-18 15:03:45,229 - getUk-2 - DEBUG - 使用本地IP
2017-04-18 15:03:45,298 - getUk-1 - DEBUG - 使用本地IP
2017-04-18 15:03:46,255 - getUk-2 - DEBUG - 使用本地IP
2017-04-18 15:03:46,361 - getUk-1 - DEBUG - 使用本地IP
2017-04-18 15:03:47,381 - getUk-2 - DEBUG - 使用本地IP
2017-04-18 15:03:47,394 - getUk-1 - DEBUG - 使用本地IP
2017-04-18 15:03:48,612 - proxySource - DEBUG - 222.85.39.139:808 works
2017-04-18 15:03:51,224 - getUk-2 - DEBUG - 使用本地IP
2017-04-18 15:03:51,224 - getUk-1 - DEBUG - 使用本地IP
2017-04-18 15:03:51,352 - proxySource - DEBUG - 115.230.9.94:808 works
2017-04-18 15:03:51,744 - newUK - INFO - 此次验证新UK ：0
2017-04-18 15:03:51,966 - getUk-1 - DEBUG - 使用本地IP
2017-04-18 15:03:51,976 - getUk-2 - DEBUG - 使用本地IP
2017-04-18 15:03:52,894 - getUk-1 - DEBUG - 使用本地IP
2017-04-18 15:03:56,976 - getUk-2 - INFO - Now is searching: 无名女尸
2017-04-18 15:03:57,897 - getUk-1 - INFO - Now is searching: 独家新闻
2017-04-18 15:03:58,006 - getUk-2 - DEBUG - 使用本地IP
2017-04-18 15:03:58,654 - getUk-1 - DEBUG - 使用本地IP
2017-04-18 15:03:58,805 - getUk-2 - DEBUG - 使用本地IP
2017-04-18 15:03:59,375 - getUk-1 - DEBUG - 使用本地IP
2017-04-18 15:03:59,933 - getUk-2 - DEBUG - 使用本地IP
2017-04-18 15:04:00,438 - getUk-1 - DEBUG - 使用本地IP
2017-04-18 15:04:00,914 - getUk-2 - DEBUG - 使用本地IP
2017-04-18 15:04:01,451 - getUk-1 - DEBUG - 使用本地IP
2017-04-18 15:04:01,762 - getUk-2 - DEBUG - 使用本地IP
2017-04-18 15:04:02,105 - getUk-1 - DEBUG - 使用本地IP
2017-04-18 15:04:02,372 - getUk-2 - DEBUG - 使用本地IP
2017-04-18 15:04:02,743 - getUk-1 - DEBUG - 使用本地IP
2017-04-18 15:04:02,944 - getUk-2 - DEBUG - 使用本地IP
2017-04-18 15:04:03,289 - getUk-1 - DEBUG - 使用本地IP
2017-04-18 15:04:03,459 - getUk-2 - DEBUG - 使用本地IP
2017-04-18 15:04:04,023 - getUk-1 - DEBUG - 使用本地IP
2017-04-18 15:04:04,296 - getUk-2 - DEBUG - 使用本地IP
2017-04-18 15:04:04,717 - getUk-1 - DEBUG - 使用本地IP
2017-04-18 15:04:04,986 - getUk-2 - DEBUG - 使用本地IP
2017-04-18 15:04:05,372 - getUk-1 - DEBUG - 使用本地IP
2017-04-18 15:04:09,987 - getUk-2 - INFO - Now is searching: 密探
2017-04-18 15:04:10,374 - getUk-1 - INFO - Now is searching: 大明锦衣卫
2017-04-18 15:04:10,782 - getUk-2 - DEBUG - 使用本地IP
2017-04-18 15:04:11,155 - getUk-1 - DEBUG - 使用本地IP
2017-04-18 15:04:11,446 - getUk-2 - DEBUG - 使用本地IP
2017-04-18 15:04:11,743 - getUk-1 - DEBUG - 使用本地IP
2017-04-18 15:04:12,043 - getUk-2 - DEBUG - 使用本地IP
2017-04-18 15:04:12,118 - getUk-1 - DEBUG - 使用本地IP
2017-04-18 15:04:12,282 - getUk-2 - DEBUG - 使用本地IP
2017-04-18 15:04:12,674 - getUk-1 - DEBUG - 使用本地IP
2017-04-18 15:04:13,042 - getUk-2 - DEBUG - 使用本地IP
2017-04-18 15:04:14,128 - getUk-2 - DEBUG - 使用本地IP
2017-04-18 15:04:14,960 - getUk-2 - DEBUG - 使用本地IP
2017-04-18 15:04:19,411 - getUk-2 - DEBUG - 使用本地IP
2017-04-18 15:04:20,292 - getUk-2 - DEBUG - 使用本地IP
2017-04-18 15:04:20,696 - getUk-2 - DEBUG - 使用本地IP
2017-04-18 15:04:21,046 - getUk-1 - DEBUG - 使用本地IP
2017-04-18 15:04:21,746 - newUK - INFO - 此次验证新UK ：0
2017-04-18 15:04:21,747 - writeMySQL - INFO - 当前新UK数 ：0
2017-04-18 15:04:22,147 - getUk-1 - DEBUG - 使用本地IP
2017-04-18 15:04:22,839 - getUk-1 - DEBUG - 使用本地IP
2017-04-18 15:04:23,691 - getUk-1 - DEBUG - 使用本地IP
2017-04-18 15:04:24,673 - getUk-1 - DEBUG - 使用本地IP
2017-04-18 15:04:25,696 - getUk-2 - INFO - Now is searching: 分裂
2017-04-18 15:04:25,739 - getUk-1 - DEBUG - 使用本地IP
2017-04-18 15:04:26,586 - getUk-2 - DEBUG - 使用本地IP
2017-04-18 15:04:27,638 - getUk-2 - DEBUG - 使用本地IP
2017-04-18 15:04:28,582 - getUk-2 - DEBUG - 使用本地IP
2017-04-18 15:04:29,380 - getUk-2 - DEBUG - 使用本地IP
2017-04-18 15:04:30,000 - queueSize - INFO - Q1 Size：107; Q2 Size：4; Q3 Size：0; Q4 Size：0; Q5 Size：25;
2017-04-18 15:04:30,068 - getUk-2 - DEBUG - 使用本地IP
2017-04-18 15:04:30,494 - getUk-2 - DEBUG - 使用本地IP
2017-04-18 15:04:30,740 - getUk-1 - INFO - Now is searching: 长城
2017-04-18 15:04:31,127 - getUk-2 - DEBUG - 使用本地IP
2017-04-18 15:04:31,265 - getUk-1 - DEBUG - 使用本地IP
2017-04-18 15:04:31,809 - getUk-2 - DEBUG - 使用本地IP
2017-04-18 15:04:31,809 - getUk-1 - DEBUG - 使用本地IP
2017-04-18 15:04:32,230 - getUk-2 - DEBUG - 使用本地IP
2017-04-18 15:04:32,236 - getUk-1 - DEBUG - 使用本地IP
2017-04-18 15:04:33,066 - getUk-1 - DEBUG - 使用本地IP
2017-04-18 15:04:33,066 - getUk-2 - DEBUG - 使用本地IP
2017-04-18 15:04:35,000 - queueSize - INFO - proxyList：['113.122.4.59:808', '61.186.164.98:8080', '222.85.39.139:808', '115.230.9.94:808', 0, 0, 0, 0, 0, 0]
2017-04-18 15:04:37,082 - getUk-1 - DEBUG - 使用本地IP
2017-04-18 15:04:38,069 - getUk-2 - INFO - Now is searching: 海军陆战队员5：杀戮战场
2017-04-18 15:04:43,693 - getUk-1 - DEBUG - 使用本地IP
2017-04-18 15:04:50,569 - getUk-2 - DEBUG - 使用本地IP
2017-04-18 15:04:51,141 - proxySource - DEBUG - 222.85.50.78:808 works
2017-04-18 15:04:51,747 - newUK - INFO - 此次验证新UK ：0
2017-04-18 15:05:01,812 - getUk-1 - DEBUG - 使用本地IP
2017-04-18 15:05:05,112 - getUk-2 - DEBUG - 使用本地IP
2017-04-18 15:05:09,052 - getUk-1 - DEBUG - 使用本地IP
2017-04-18 15:05:13,250 - getUk-2 - DEBUG - 使用本地IP
2017-04-18 15:05:14,760 - getUk-1 - DEBUG - 使用本地IP
2017-04-18 15:05:21,749 - writeMySQL - INFO - 当前新UK数 ：0
2017-04-18 15:05:21,750 - newUK - INFO - 此次验证新UK ：0
2017-04-18 15:05:30,000 - queueSize - INFO - Q1 Size：96; Q2 Size：1; Q3 Size：0; Q4 Size：0; Q5 Size：23;
2017-04-18 15:05:30,573 - getUk-2 - DEBUG - 使用本地IP
2017-04-18 15:05:30,642 - getUk-1 - DEBUG - 使用本地IP
2017-04-18 15:05:35,000 - queueSize - INFO - proxyList：['222.85.50.78:808', '113.122.4.59:808', '61.186.164.98:8080', '222.85.39.139:808', '115.230.9.94:808', 0, 0, 0, 0, 0]
2017-04-18 15:05:35,644 - getUk-1 - INFO - Now is searching: 燃烧的沙漠
2017-04-18 15:05:46,437 - getUk-1 - DEBUG - 使用本地IP
2017-04-18 15:05:49,299 - getUk-2 - DEBUG - 使用本地IP
2017-04-18 15:05:51,750 - newUK - INFO - 此次验证新UK ：0
2017-04-18 15:05:58,323 - getUk-2 - DEBUG - 使用本地IP
2017-04-18 15:06:07,107 - getUk-1 - DEBUG - 使用本地IP
2017-04-18 15:06:07,145 - getUk-2 - DEBUG - 使用本地IP
2017-04-18 15:06:20,168 - getUk-2 - DEBUG - 使用本地IP
2017-04-18 15:06:21,752 - writeMySQL - INFO - 当前新UK数 ：0
2017-04-18 15:06:21,753 - newUK - INFO - 此次验证新UK ：0
2017-04-18 15:06:30,000 - queueSize - INFO - Q1 Size：85; Q2 Size：0; Q3 Size：0; Q4 Size：0; Q5 Size：22;
2017-04-18 15:06:30,438 - getUk-2 - DEBUG - 使用本地IP
2017-04-18 15:06:35,888 - proxySource - DEBUG - 117.43.0.210:808 works
2017-04-18 15:06:37,785 - getUk-1 - DEBUG - 使用本地IP
2017-04-18 15:06:51,107 - newUK - INFO - 此次验证新UK ：0
2017-04-18 15:06:51,108 - writeMySQL - INFO - 当前新UK数 ：0
2017-04-18 15:06:51,755 - newUK - INFO - 此次验证新UK ：0
2017-04-18 15:06:52,119 - getUk-1 - INFO - Now is searching: 爱与黑暗的故事
2017-04-18 15:06:52,119 - getUk-2 - INFO - Now is searching: 五十度黑
2017-04-18 15:06:52,917 - getUk-1 - DEBUG - 使用本地IP
2017-04-18 15:06:52,937 - getUk-2 - DEBUG - 使用本地IP
2017-04-18 15:06:53,993 - getUk-2 - DEBUG - 使用本地IP
2017-04-18 15:06:54,006 - getUk-1 - DEBUG - 使用本地IP
2017-04-18 15:06:54,269 - getUk-1 - DEBUG - 使用本地IP
2017-04-18 15:06:54,645 - getUk-1 - DEBUG - 使用本地IP
2017-04-18 15:06:54,951 - getUk-2 - DEBUG - 使用本地IP
2017-04-18 15:06:55,128 - getUk-1 - DEBUG - 使用本地IP
2017-04-18 15:06:55,206 - getUk-2 - DEBUG - 使用本地IP
2017-04-18 15:06:55,437 - getUk-1 - DEBUG - 使用本地IP
2017-04-18 15:06:55,653 - getUk-2 - DEBUG - 使用本地IP
2017-04-18 15:06:56,019 - getUk-1 - DEBUG - 使用本地IP
2017-04-18 15:06:56,148 - getUk-2 - DEBUG - 使用本地IP
2017-04-18 15:06:56,309 - getUk-1 - DEBUG - 使用本地IP
2017-04-18 15:06:56,457 - getUk-2 - DEBUG - 使用本地IP
2017-04-18 15:06:56,927 - getUk-1 - DEBUG - 使用本地IP
2017-04-18 15:06:56,987 - getUk-2 - DEBUG - 使用本地IP
2017-04-18 15:06:57,220 - getUk-1 - DEBUG - 使用本地IP
2017-04-18 15:06:57,503 - getUk-2 - DEBUG - 使用本地IP
2017-04-18 15:06:57,667 - getUk-1 - DEBUG - 使用本地IP
2017-04-18 15:06:57,864 - getUk-2 - DEBUG - 使用本地IP
2017-04-18 15:06:59,651 - getUk-2 - DEBUG - 使用本地IP
2017-04-18 15:07:02,670 - getUk-1 - INFO - Now is searching: 怒
2017-04-18 15:07:02,865 - getUk-2 - INFO - Now is searching: 无限循环
2017-04-18 15:07:03,687 - getUk-1 - DEBUG - 使用本地IP
2017-04-18 15:07:03,924 - getUk-2 - DEBUG - 使用本地IP
2017-04-18 15:07:04,081 - getUk-1 - DEBUG - 使用本地IP
2017-04-18 15:07:04,154 - getUk-2 - DEBUG - 使用本地IP
2017-04-18 15:07:04,332 - getUk-1 - DEBUG - 使用本地IP
2017-04-18 15:07:04,437 - getUk-2 - DEBUG - 使用本地IP
2017-04-18 15:07:04,651 - getUk-2 - INFO - Now is searching: 决战食神
2017-04-18 15:07:04,690 - getUk-1 - DEBUG - 使用本地IP
2017-04-18 15:07:04,835 - getUk-2 - DEBUG - 使用本地IP
2017-04-18 15:07:05,013 - getUk-1 - DEBUG - 使用本地IP
2017-04-18 15:07:05,138 - getUk-2 - DEBUG - 使用本地IP
2017-04-18 15:07:11,122 - getUk-1 - DEBUG - 使用本地IP
2017-04-18 15:07:14,601 - getUk-2 - DEBUG - 使用本地IP
2017-04-18 15:07:21,753 - writeMySQL - INFO - 当前新UK数 ：0
2017-04-18 15:07:21,756 - newUK - INFO - 此次验证新UK ：0
2017-04-18 15:07:30,000 - queueSize - INFO - Q1 Size：74; Q2 Size：1; Q3 Size：0; Q4 Size：0; Q5 Size：21;
2017-04-18 15:07:35,002 - queueSize - INFO - proxyList：['117.43.0.210:808', '222.85.50.78:808', '113.122.4.59:808', '61.186.164.98:8080', '222.85.39.139:808', '115.230.9.94:808', 0, 0, 0, 0]
2017-04-18 15:07:35,640 - getUk-1 - DEBUG - 使用本地IP
2017-04-18 15:07:42,190 - getUk-2 - DEBUG - 使用本地IP
2017-04-18 15:07:45,273 - getUk-1 - DEBUG - 使用本地IP
2017-04-18 15:07:51,757 - newUK - INFO - 此次验证新UK ：0
2017-04-18 15:07:55,940 - getUk-2 - DEBUG - 使用本地IP
2017-04-18 15:08:01,688 - getUk-1 - DEBUG - 使用本地IP
2017-04-18 15:08:21,016 - getUk-1 - DEBUG - 使用本地IP
2017-04-18 15:08:21,555 - getUk-2 - DEBUG - 使用本地IP
2017-04-18 15:08:21,756 - writeMySQL - INFO - 当前新UK数 ：0
2017-04-18 15:08:21,759 - newUK - INFO - 此次验证新UK ：0
2017-04-18 15:08:28,891 - getUk-1 - DEBUG - 使用本地IP
2017-04-18 15:08:30,000 - queueSize - INFO - Q1 Size：66; Q2 Size：0; Q3 Size：0; Q4 Size：0; Q5 Size：21;
2017-04-18 15:08:30,368 - getUk-2 - DEBUG - 使用本地IP
2017-04-18 15:08:33,892 - getUk-1 - INFO - Now is searching: 桑迪
2017-04-18 15:08:46,559 - getUk-2 - DEBUG - 使用本地IP
2017-04-18 15:08:50,835 - getUk-1 - DEBUG - 使用本地IP
2017-04-18 15:08:51,763 - newUK - INFO - 此次验证新UK ：0
2017-04-18 15:08:57,403 - proxyCheck - DEBUG - 101.231.213.218:8080 works
2017-04-18 15:09:00,516 - getUk-2 - DEBUG - 使用本地IP
2017-04-18 15:09:04,690 - getUk-1 - DEBUG - 使用本地IP
2017-04-18 15:09:15,414 - proxyCheck - DEBUG - 60.179.41.5:808 works
2017-04-18 15:09:17,470 - getUk-2 - DEBUG - 使用本地IP
2017-04-18 15:09:21,759 - writeMySQL - INFO - 当前新UK数 ：0
2017-04-18 15:09:21,763 - newUK - INFO - 此次验证新UK ：0
2017-04-18 15:09:30,000 - queueSize - INFO - Q1 Size：57; Q2 Size：2; Q3 Size：0; Q4 Size：0; Q5 Size：20;
2017-04-18 15:09:34,049 - getUk-1 - DEBUG - 使用本地IP
2017-04-18 15:09:35,000 - queueSize - INFO - proxyList：['101.231.213.218:8080', '60.179.41.5:808', '117.43.0.210:808', '222.85.50.78:808', '113.122.4.59:808', '61.186.164.98:8080', '222.85.39.139:808', '115.230.9.94:808', 0, 0]
2017-04-18 15:09:37,325 - newUK - INFO - 此次验证新UK ：0
2017-04-18 15:09:37,328 - writeMySQL - INFO - 当前新UK数 ：0
2017-04-18 15:09:38,436 - getUk-1 - INFO - Now is searching: 爱与黑暗的故事
2017-04-18 15:09:38,436 - getUk-2 - INFO - Now is searching: 五十度黑
2017-04-18 15:09:39,542 - getUk-1 - DEBUG - 使用本地IP
2017-04-18 15:09:39,545 - getUk-2 - DEBUG - 使用本地IP
2017-04-18 15:09:41,868 - getUk-2 - DEBUG - 使用本地IP
2017-04-18 15:09:50,492 - getUk-1 - DEBUG - 使用本地IP
2017-04-18 15:09:51,766 - newUK - INFO - 此次验证新UK ：0
2017-04-18 15:10:16,684 - getUk-1 - DEBUG - 使用本地IP
2017-04-18 15:10:21,065 - getUk-2 - DEBUG - 使用本地IP
2017-04-18 15:10:21,760 - writeMySQL - INFO - 当前新UK数 ：0
2017-04-18 15:10:21,769 - newUK - INFO - 此次验证新UK ：0
2017-04-18 15:10:26,066 - getUk-2 - INFO - Now is searching: 哈文赫特
2017-04-18 15:10:28,142 - getUk-1 - DEBUG - 使用本地IP
2017-04-18 15:10:30,000 - queueSize - INFO - Q1 Size：48; Q2 Size：0; Q3 Size：0; Q4 Size：0; Q5 Size：19;
2017-04-18 15:10:47,869 - getUk-2 - DEBUG - 使用本地IP
2017-04-18 15:10:51,769 - newUK - INFO - 此次验证新UK ：0
2017-04-18 15:10:54,697 - getUk-1 - DEBUG - 使用本地IP
2017-04-18 15:11:05,845 - getUk-1 - DEBUG - 使用本地IP
2017-04-18 15:11:12,746 - getUk-2 - DEBUG - 使用本地IP
2017-04-18 15:11:21,763 - writeMySQL - INFO - 当前新UK数 ：0
2017-04-18 15:11:21,773 - newUK - INFO - 此次验证新UK ：0
2017-04-18 15:11:30,000 - queueSize - INFO - Q1 Size：40; Q2 Size：0; Q3 Size：0; Q4 Size：0; Q5 Size：19;
2017-04-18 15:11:33,180 - getUk-1 - DEBUG - 使用本地IP
2017-04-18 15:11:41,494 - getUk-1 - DEBUG - 使用本地IP
2017-04-18 15:11:45,697 - getUk-2 - DEBUG - 使用本地IP
2017-04-18 15:11:46,496 - getUk-1 - INFO - Now is searching: 了不起的菲丽西
2017-04-18 15:11:51,773 - newUK - INFO - 此次验证新UK ：0
2017-04-18 15:11:53,966 - getUk-1 - DEBUG - 使用本地IP
2017-04-18 15:11:54,496 - proxySource - DEBUG - 101.4.136.34:80 works
2017-04-18 15:12:06,713 - getUk-2 - DEBUG - 使用本地IP
2017-04-18 15:12:21,766 - writeMySQL - INFO - 当前新UK数 ：0
2017-04-18 15:12:21,776 - newUK - INFO - 此次验证新UK ：0
2017-04-18 15:12:24,374 - getUk-1 - DEBUG - 使用本地IP
2017-04-18 15:12:26,950 - getUk-2 - DEBUG - 使用本地IP
2017-04-18 15:12:30,000 - queueSize - INFO - Q1 Size：31; Q2 Size：1; Q3 Size：0; Q4 Size：0; Q5 Size：18;
2017-04-18 15:12:35,000 - queueSize - INFO - proxyList：['101.4.136.34:80', '101.231.213.218:8080', '60.179.41.5:808', '117.43.0.210:808', '222.85.50.78:808', '113.122.4.59:808', '61.186.164.98:8080', '222.85.39.139:808', '115.230.9.94:808', 0]
2017-04-18 15:12:47,013 - getUk-1 - DEBUG - 使用本地IP
2017-04-18 15:12:51,778 - newUK - INFO - 此次验证新UK ：0
2017-04-18 15:12:53,976 - getUk-2 - DEBUG - 使用本地IP
2017-04-18 15:13:05,934 - getUk-1 - DEBUG - 使用本地IP
2017-04-18 15:13:21,767 - writeMySQL - INFO - 当前新UK数 ：0
2017-04-18 15:13:21,779 - newUK - INFO - 此次验证新UK ：0
2017-04-18 15:13:25,382 - getUk-2 - DEBUG - 使用本地IP
2017-04-18 15:13:30,000 - queueSize - INFO - Q1 Size：23; Q2 Size：0; Q3 Size：0; Q4 Size：0; Q5 Size：18;
2017-04-18 15:13:38,651 - proxySource - DEBUG - 115.213.160.179:808 works
2017-04-18 15:13:38,898 - getUk-1 - DEBUG - 使用本地IP
2017-04-18 15:13:47,006 - getUk-2 - DEBUG - 使用本地IP
2017-04-18 15:13:51,782 - newUK - INFO - 此次验证新UK ：0
2017-04-18 15:13:58,345 - getUk-1 - DEBUG - 使用本地IP
2017-04-18 15:14:04,690 - getUk-2 - DEBUG - 使用本地IP
2017-04-18 15:14:21,769 - writeMySQL - INFO - 当前新UK数 ：0
2017-04-18 15:14:21,782 - newUK - INFO - 此次验证新UK ：0
2017-04-18 15:14:24,459 - getUk-1 - DEBUG - 使用本地IP
2017-04-18 15:14:27,845 - getUk-2 - DEBUG - 使用本地IP
2017-04-18 15:14:30,000 - queueSize - INFO - Q1 Size：140; Q2 Size：1; Q3 Size：0; Q4 Size：0; Q5 Size：18;
2017-04-18 15:14:32,846 - getUk-2 - INFO - Now is searching: 狼的召唤
2017-04-18 15:14:35,000 - queueSize - INFO - proxyList：['115.213.160.179:808', '101.4.136.34:80', '101.231.213.218:8080', '60.179.41.5:808', '117.43.0.210:808', '222.85.50.78:808', '113.122.4.59:808', '61.186.164.98:8080', '222.85.39.139:808', '115.230.9.94:808']
2017-04-18 15:14:51,786 - newUK - INFO - 此次验证新UK ：0
2017-04-18 15:14:57,563 - getUk-1 - DEBUG - 使用本地IP
2017-04-18 15:15:03,941 - getUk-2 - DEBUG - 使用本地IP
2017-04-18 15:15:21,773 - writeMySQL - INFO - 当前新UK数 ：0
2017-04-18 15:15:21,786 - newUK - INFO - 此次验证新UK ：0
2017-04-18 15:15:25,141 - getUk-1 - DEBUG - 使用本地IP
2017-04-18 15:15:30,000 - queueSize - INFO - Q1 Size：132; Q2 Size：0; Q3 Size：0; Q4 Size：0; Q5 Size：17;
2017-04-18 15:15:39,066 - getUk-2 - DEBUG - 使用本地IP
2017-04-18 15:15:51,789 - newUK - INFO - 此次验证新UK ：0
2017-04-18 15:15:57,295 - getUk-1 - DEBUG - 使用本地IP
2017-04-18 15:16:02,296 - getUk-1 - INFO - Now is searching: 爱乐之城
2017-04-18 15:16:21,775 - writeMySQL - INFO - 当前新UK数 ：0
2017-04-18 15:16:21,792 - newUK - INFO - 此次验证新UK ：0
2017-04-18 15:16:28,351 - getUk-2 - DEBUG - 使用本地IP
2017-04-18 15:16:30,000 - queueSize - INFO - Q1 Size：124; Q2 Size：0; Q3 Size：0; Q4 Size：0; Q5 Size：16;
2017-04-18 15:16:31,575 - getUk-1 - DEBUG - 使用本地IP
2017-04-18 15:16:41,434 - getUk-1 - DEBUG - 使用本地IP
2017-04-18 15:16:45,137 - proxyCheck - DEBUG - 61.186.164.98:8080 works
2017-04-18 15:16:51,792 - newUK - INFO - 此次验证新UK ：0
2017-04-18 15:16:55,138 - proxyCheck - DEBUG - 113.122.4.59:808 works
2017-04-18 15:16:57,661 - proxyCheck - DEBUG - 222.85.39.139:808 works
2017-04-18 15:16:57,862 - getUk-1 - DEBUG - 使用本地IP
2017-04-18 15:17:07,174 - getUk-2 - DEBUG - 使用本地IP
2017-04-18 15:17:21,778 - writeMySQL - INFO - 当前新UK数 ：0
2017-04-18 15:17:21,795 - newUK - INFO - 此次验证新UK ：0
2017-04-18 15:17:30,000 - queueSize - INFO - Q1 Size：113; Q2 Size：3; Q3 Size：0; Q4 Size：0; Q5 Size：16;
2017-04-18 15:17:31,203 - proxySource - DEBUG - 113.69.167.128:808 works
2017-04-18 15:17:35,000 - queueSize - INFO - proxyList：['113.69.167.128:808', '115.213.160.179:808', '101.4.136.34:80', '101.231.213.218:8080', '60.179.41.5:808', '117.43.0.210:808', '222.85.50.78:808', '113.122.4.59:808', '61.186.164.98:8080', '222.85.39.139:808']
2017-04-18 15:17:35,753 - getUk-1 - DEBUG - 使用本地IP
2017-04-18 15:17:51,798 - newUK - INFO - 此次验证新UK ：0
2017-04-18 15:17:52,694 - getUk-2 - DEBUG - 使用本地IP
2017-04-18 15:18:04,414 - getUk-1 - DEBUG - 使用本地IP
2017-04-18 15:18:08,365 - getUk-1 - DEBUG - 使用本地IP
2017-04-18 15:18:14,214 - getUk-2 - DEBUG - 使用本地IP
2017-04-18 15:18:19,012 - proxySource - DEBUG - 222.85.50.78:808 works
2017-04-18 15:18:21,780 - writeMySQL - INFO - 当前新UK数 ：0
2017-04-18 15:18:21,799 - newUK - INFO - 此次验证新UK ：0
2017-04-18 15:18:27,538 - getUk-1 - DEBUG - 使用本地IP
2017-04-18 15:18:30,000 - queueSize - INFO - Q1 Size：101; Q2 Size：1; Q3 Size：0; Q4 Size：0; Q5 Size：16;
2017-04-18 15:18:51,802 - newUK - INFO - 此次验证新UK ：0
2017-04-18 15:18:54,861 - getUk-1 - DEBUG - 使用本地IP
2017-04-18 15:18:56,483 - getUk-2 - DEBUG - 使用本地IP
2017-04-18 15:19:18,663 - getUk-2 - DEBUG - 使用本地IP
2017-04-18 15:19:19,095 - getUk-1 - DEBUG - 使用本地IP
2017-04-18 15:19:21,783 - writeMySQL - INFO - 当前新UK数 ：0
2017-04-18 15:19:21,802 - newUK - INFO - 此次验证新UK ：0
2017-04-18 15:19:30,000 - queueSize - INFO - Q1 Size：90; Q2 Size：0; Q3 Size：0; Q4 Size：0; Q5 Size：16;
2017-04-18 15:19:44,035 - getUk-2 - DEBUG - 使用本地IP
2017-04-18 15:19:51,805 - newUK - INFO - 此次验证新UK ：0
2017-04-18 15:19:56,453 - getUk-1 - DEBUG - 使用本地IP
2017-04-18 15:20:01,454 - getUk-1 - INFO - Now is searching: 激战柏林
2017-04-18 15:20:07,763 - getUk-2 - DEBUG - 使用本地IP
2017-04-18 15:20:12,765 - getUk-2 - INFO - Now is searching: 终极斗士4
2017-04-18 15:20:21,786 - writeMySQL - INFO - 当前新UK数 ：0
2017-04-18 15:20:21,808 - newUK - INFO - 此次验证新UK ：0
2017-04-18 15:20:26,897 - getUk-1 - DEBUG - 使用本地IP
2017-04-18 15:20:30,000 - queueSize - INFO - Q1 Size：81; Q2 Size：0; Q3 Size：0; Q4 Size：0; Q5 Size：14;
2017-04-18 15:20:36,503 - getUk-2 - DEBUG - 使用本地IP
2017-04-18 15:20:51,809 - newUK - INFO - 此次验证新UK ：0
2017-04-18 15:20:59,095 - getUk-2 - DEBUG - 使用本地IP
2017-04-18 15:21:15,266 - getUk-2 - DEBUG - 使用本地IP
2017-04-18 15:21:18,012 - getUk-1 - DEBUG - 使用本地IP
2017-04-18 15:21:21,788 - writeMySQL - INFO - 当前新UK数 ：0
2017-04-18 15:21:21,811 - newUK - INFO - 此次验证新UK ：0
2017-04-18 15:21:30,000 - queueSize - INFO - Q1 Size：70; Q2 Size：0; Q3 Size：0; Q4 Size：0; Q5 Size：14;
2017-04-18 15:21:40,740 - getUk-2 - DEBUG - 使用本地IP
2017-04-18 15:21:51,296 - getUk-1 - DEBUG - 使用本地IP
2017-04-18 15:21:51,813 - newUK - INFO - 此次验证新UK ：0
2017-04-18 15:22:10,477 - getUk-2 - DEBUG - 使用本地IP
2017-04-18 15:22:21,790 - writeMySQL - INFO - 当前新UK数 ：0
2017-04-18 15:22:21,815 - newUK - INFO - 此次验证新UK ：0
2017-04-18 15:22:30,000 - queueSize - INFO - Q1 Size：61; Q2 Size：0; Q3 Size：0; Q4 Size：0; Q5 Size：14;
2017-04-18 15:22:34,737 - getUk-1 - DEBUG - 使用本地IP
2017-04-18 15:22:35,243 - getUk-2 - DEBUG - 使用本地IP
2017-04-18 15:22:44,779 - getUk-1 - DEBUG - 使用本地IP
2017-04-18 15:22:51,816 - newUK - INFO - 此次验证新UK ：0
2017-04-18 15:23:07,578 - getUk-1 - DEBUG - 使用本地IP
2017-04-18 15:23:08,948 - getUk-2 - DEBUG - 使用本地IP
2017-04-18 15:23:21,792 - writeMySQL - INFO - 当前新UK数 ：0
2017-04-18 15:23:21,819 - newUK - INFO - 此次验证新UK ：0
2017-04-18 15:23:23,973 - getUk-2 - DEBUG - 使用本地IP
2017-04-18 15:23:27,819 - proxySource - DEBUG - 111.13.7.42:80 works
2017-04-18 15:23:29,911 - getUk-1 - DEBUG - 使用本地IP
2017-04-18 15:23:30,000 - queueSize - INFO - Q1 Size：51; Q2 Size：1; Q3 Size：0; Q4 Size：0; Q5 Size：14;
2017-04-18 15:23:35,000 - queueSize - INFO - proxyList：['111.13.7.42:80', '113.69.167.128:808', '115.213.160.179:808', '101.4.136.34:80', '101.231.213.218:8080', '60.179.41.5:808', '117.43.0.210:808', '222.85.50.78:808', '113.122.4.59:808', '61.186.164.98:8080']
2017-04-18 15:23:51,821 - newUK - INFO - 此次验证新UK ：0
2017-04-18 15:23:54,796 - getUk-1 - DEBUG - 使用本地IP
2017-04-18 15:23:55,255 - getUk-2 - DEBUG - 使用本地IP
2017-04-18 15:24:19,671 - getUk-2 - DEBUG - 使用本地IP
2017-04-18 15:24:21,795 - writeMySQL - INFO - 当前新UK数 ：0
2017-04-18 15:24:21,822 - newUK - INFO - 此次验证新UK ：0
2017-04-18 15:24:24,674 - getUk-2 - INFO - Now is searching: 我去哪儿？
2017-04-18 15:24:28,302 - getUk-1 - DEBUG - 使用本地IP
2017-04-18 15:24:30,000 - queueSize - INFO - Q1 Size：168; Q2 Size：0; Q3 Size：0; Q4 Size：0; Q5 Size：13;
2017-04-18 15:24:36,973 - getUk-2 - DEBUG - 使用本地IP
2017-04-18 15:24:42,926 - getUk-1 - DEBUG - 使用本地IP
2017-04-18 15:24:47,927 - getUk-1 - INFO - Now is searching: 我要发达
2017-04-18 15:24:51,825 - newUK - INFO - 此次验证新UK ：0
2017-04-18 15:24:55,954 - getUk-2 - DEBUG - 使用本地IP
2017-04-18 15:25:06,359 - proxyCheck - DEBUG - 101.4.136.34:80 works
2017-04-18 15:25:14,141 - getUk-1 - DEBUG - 使用本地IP
2017-04-18 15:25:19,512 - getUk-2 - DEBUG - 使用本地IP
2017-04-18 15:25:21,796 - writeMySQL - INFO - 当前新UK数 ：0
2017-04-18 15:25:21,828 - newUK - INFO - 此次验证新UK ：0
2017-04-18 15:25:30,000 - queueSize - INFO - Q1 Size：159; Q2 Size：1; Q3 Size：0; Q4 Size：0; Q5 Size：12;
2017-04-18 15:25:46,025 - getUk-1 - DEBUG - 使用本地IP
2017-04-18 15:25:47,338 - getUk-2 - DEBUG - 使用本地IP
2017-04-18 15:25:51,829 - newUK - INFO - 此次验证新UK ：0
2017-04-18 15:26:17,743 - getUk-2 - DEBUG - 使用本地IP
2017-04-18 15:26:19,990 - getUk-1 - DEBUG - 使用本地IP
2017-04-18 15:26:21,799 - writeMySQL - INFO - 当前新UK数 ：0
2017-04-18 15:26:21,852 - newUK - INFO - 此次验证新UK ：0
2017-04-18 15:26:30,000 - queueSize - INFO - Q1 Size：150; Q2 Size：0; Q3 Size：0; Q4 Size：0; Q5 Size：12;
2017-04-18 15:26:46,746 - getUk-1 - DEBUG - 使用本地IP
2017-04-18 15:26:51,857 - newUK - INFO - 此次验证新UK ：0
2017-04-18 15:26:53,596 - getUk-2 - DEBUG - 使用本地IP
2017-04-18 15:27:12,617 - getUk-1 - DEBUG - 使用本地IP
2017-04-18 15:27:14,588 - getUk-2 - DEBUG - 使用本地IP
2017-04-18 15:27:21,803 - writeMySQL - INFO - 当前新UK数 ：0
2017-04-18 15:27:21,859 - newUK - INFO - 此次验证新UK ：0
2017-04-18 15:27:24,344 - getUk-1 - DEBUG - 使用本地IP
2017-04-18 15:27:30,000 - queueSize - INFO - Q1 Size：142; Q2 Size：0; Q3 Size：0; Q4 Size：0; Q5 Size：12;
2017-04-18 15:27:50,019 - getUk-2 - DEBUG - 使用本地IP
2017-04-18 15:27:51,862 - newUK - INFO - 此次验证新UK ：0
2017-04-18 15:28:00,217 - getUk-1 - DEBUG - 使用本地IP
2017-04-18 15:28:17,944 - getUk-2 - DEBUG - 使用本地IP
2017-04-18 15:28:21,805 - writeMySQL - INFO - 当前新UK数 ：0
2017-04-18 15:28:21,865 - newUK - INFO - 此次验证新UK ：0
2017-04-18 15:28:30,000 - queueSize - INFO - Q1 Size：134; Q2 Size：0; Q3 Size：0; Q4 Size：0; Q5 Size：12;
2017-04-18 15:28:41,079 - getUk-2 - DEBUG - 使用本地IP
2017-04-18 15:28:46,082 - getUk-2 - INFO - Now is searching: 特种部队:毁尸灭尽
2017-04-18 15:28:51,755 - getUk-1 - DEBUG - 使用本地IP
2017-04-18 15:28:51,878 - newUK - INFO - 此次验证新UK ：0
2017-04-18 15:29:04,928 - getUk-1 - DEBUG - 使用本地IP
2017-04-18 15:29:18,858 - getUk-2 - DEBUG - 使用本地IP
2017-04-18 15:29:21,809 - writeMySQL - INFO - 当前新UK数 ：0
2017-04-18 15:29:21,881 - newUK - INFO - 此次验证新UK ：0
2017-04-18 15:29:30,000 - queueSize - INFO - Q1 Size：126; Q2 Size：0; Q3 Size：0; Q4 Size：0; Q5 Size：11;
2017-04-18 15:29:44,332 - proxySource - DEBUG - 183.32.89.16:808 works
2017-04-18 15:29:51,887 - newUK - INFO - 此次验证新UK ：0
2017-04-18 15:29:52,578 - getUk-1 - DEBUG - 使用本地IP
2017-04-18 15:29:56,183 - proxyCheck - DEBUG - 61.186.164.98:8080 works
2017-04-18 15:29:57,579 - getUk-1 - INFO - Now is searching: 守护者：世纪战元
2017-04-18 15:30:16,141 - getUk-2 - DEBUG - 使用本地IP
2017-04-18 15:30:16,213 - proxyCheck - DEBUG - 203.93.0.115:80 works
2017-04-18 15:30:21,809 - writeMySQL - INFO - 当前新UK数 ：0
2017-04-18 15:30:21,888 - newUK - INFO - 此次验证新UK ：0
2017-04-18 15:30:30,000 - queueSize - INFO - Q1 Size：114; Q2 Size：3; Q3 Size：0; Q4 Size：0; Q5 Size：10;
2017-04-18 15:30:32,763 - getUk-1 - DEBUG - 使用本地IP
2017-04-18 15:30:35,002 - queueSize - INFO - proxyList：['183.32.89.16:808', '203.93.0.115:80', '111.13.7.42:80', '113.69.167.128:808', '115.213.160.179:808', '101.4.136.34:80', '101.231.213.218:8080', '60.179.41.5:808', '117.43.0.210:808', '222.85.50.78:808']
2017-04-18 15:30:38,443 - getUk-2 - DEBUG - 使用本地IP
2017-04-18 15:30:51,891 - newUK - INFO - 此次验证新UK ：0
2017-04-18 15:30:57,667 - getUk-2 - DEBUG - 使用本地IP
2017-04-18 15:30:59,559 - getUk-1 - DEBUG - 使用本地IP
2017-04-18 15:31:16,177 - getUk-1 - DEBUG - 使用本地IP
2017-04-18 15:31:21,812 - writeMySQL - INFO - 当前新UK数 ：0
2017-04-18 15:31:21,894 - newUK - INFO - 此次验证新UK ：0
2017-04-18 15:31:24,775 - getUk-2 - DEBUG - 使用本地IP
2017-04-18 15:31:30,000 - queueSize - INFO - Q1 Size：101; Q2 Size：0; Q3 Size：0; Q4 Size：0; Q5 Size：10;
2017-04-18 15:31:35,783 - proxyCheck - DEBUG - 115.215.68.69:808 works
2017-04-18 15:31:51,897 - newUK - INFO - 此次验证新UK ：0
2017-04-18 15:31:52,269 - getUk-1 - DEBUG - 使用本地IP
2017-04-18 15:32:02,321 - getUk-2 - DEBUG - 使用本地IP
2017-04-18 15:32:21,815 - writeMySQL - INFO - 当前新UK数 ：0
2017-04-18 15:32:21,898 - newUK - INFO - 此次验证新UK ：0
2017-04-18 15:32:30,000 - queueSize - INFO - Q1 Size：91; Q2 Size：1; Q3 Size：0; Q4 Size：0; Q5 Size：10;
2017-04-18 15:32:31,229 - getUk-1 - DEBUG - 使用本地IP
2017-04-18 15:32:35,000 - queueSize - INFO - proxyList：['115.215.68.69:808', '183.32.89.16:808', '203.93.0.115:80', '111.13.7.42:80', '113.69.167.128:808', '115.213.160.179:808', '101.4.136.34:80', '101.231.213.218:8080', '60.179.41.5:808', '117.43.0.210:808']
2017-04-18 15:32:45,839 - getUk-2 - DEBUG - 使用本地IP
2017-04-18 15:32:50,951 - getUk-1 - DEBUG - 使用本地IP
2017-04-18 15:32:51,901 - newUK - INFO - 此次验证新UK ：0
2017-04-18 15:33:21,819 - writeMySQL - INFO - 当前新UK数 ：0
2017-04-18 15:33:21,901 - newUK - INFO - 此次验证新UK ：0
2017-04-18 15:33:23,244 - getUk-1 - DEBUG - 使用本地IP
2017-04-18 15:33:29,553 - getUk-2 - DEBUG - 使用本地IP
2017-04-18 15:33:30,000 - queueSize - INFO - Q1 Size：78; Q2 Size：0; Q3 Size：0; Q4 Size：0; Q5 Size：10;
2017-04-18 15:33:51,904 - newUK - INFO - 此次验证新UK ：0
2017-04-18 15:34:02,075 - getUk-1 - DEBUG - 使用本地IP
2017-04-18 15:34:03,934 - getUk-2 - DEBUG - 使用本地IP
2017-04-18 15:34:17,930 - getUk-2 - DEBUG - 使用本地IP
2017-04-18 15:34:21,822 - writeMySQL - INFO - 当前新UK数 ：0
2017-04-18 15:34:21,907 - newUK - INFO - 此次验证新UK ：0
2017-04-18 15:34:22,933 - getUk-2 - INFO - Now is searching: 苦涩的收割
2017-04-18 15:34:30,000 - queueSize - INFO - Q1 Size：194; Q2 Size：0; Q3 Size：0; Q4 Size：0; Q5 Size：9;
2017-04-18 15:34:32,377 - getUk-1 - DEBUG - 使用本地IP
2017-04-18 15:34:51,908 - newUK - INFO - 此次验证新UK ：0
2017-04-18 15:34:54,457 - getUk-2 - DEBUG - 使用本地IP
2017-04-18 15:34:57,714 - getUk-1 - DEBUG - 使用本地IP
2017-04-18 15:35:02,716 - getUk-1 - INFO - Now is searching: 金刚狼3：殊死一战
2017-04-18 15:35:12,493 - getUk-2 - DEBUG - 使用本地IP
2017-04-18 15:35:20,312 - proxyCheck - DEBUG - 101.231.213.218:8080 works
2017-04-18 15:35:21,825 - writeMySQL - INFO - 当前新UK数 ：0
2017-04-18 15:35:21,911 - newUK - INFO - 此次验证新UK ：0
2017-04-18 15:35:30,000 - queueSize - INFO - Q1 Size：186; Q2 Size：1; Q3 Size：0; Q4 Size：0; Q5 Size：8;
2017-04-18 15:35:34,697 - getUk-1 - DEBUG - 使用本地IP
2017-04-18 15:35:51,914 - newUK - INFO - 此次验证新UK ：0
2017-04-18 15:35:54,973 - getUk-2 - DEBUG - 使用本地IP
2017-04-18 15:36:10,730 - getUk-1 - DEBUG - 使用本地IP
2017-04-18 15:36:21,828 - writeMySQL - INFO - 当前新UK数 ：0
2017-04-18 15:36:21,917 - newUK - INFO - 此次验证新UK ：0
2017-04-18 15:36:26,693 - getUk-2 - DEBUG - 使用本地IP
2017-04-18 15:36:27,105 - proxySource - DEBUG - 111.13.7.42:80 works
2017-04-18 15:36:30,000 - queueSize - INFO - Q1 Size：176; Q2 Size：1; Q3 Size：0; Q4 Size：0; Q5 Size：8;
2017-04-18 15:36:51,411 - getUk-1 - DEBUG - 使用本地IP
2017-04-18 15:36:51,917 - newUK - INFO - 此次验证新UK ：0
2017-04-18 15:37:01,806 - getUk-2 - DEBUG - 使用本地IP
2017-04-18 15:37:21,829 - writeMySQL - INFO - 当前新UK数 ：0
2017-04-18 15:37:21,920 - newUK - INFO - 此次验证新UK ：0
2017-04-18 15:37:24,875 - getUk-2 - DEBUG - 使用本地IP
2017-04-18 15:37:30,000 - queueSize - INFO - Q1 Size：168; Q2 Size：0; Q3 Size：0; Q4 Size：0; Q5 Size：8;
2017-04-18 15:37:41,710 - getUk-1 - DEBUG - 使用本地IP
2017-04-18 15:37:51,923 - newUK - INFO - 此次验证新UK ：0
2017-04-18 15:38:04,148 - getUk-1 - DEBUG - 使用本地IP
2017-04-18 15:38:10,645 - proxyCheck - DEBUG - 101.4.136.34:80 works
2017-04-18 15:38:11,213 - getUk-2 - DEBUG - 使用本地IP
2017-04-18 15:38:21,832 - writeMySQL - INFO - 当前新UK数 ：0
2017-04-18 15:38:21,924 - newUK - INFO - 此次验证新UK ：0
2017-04-18 15:38:24,328 - getUk-2 - DEBUG - 使用本地IP
2017-04-18 15:38:30,000 - queueSize - INFO - Q1 Size：159; Q2 Size：1; Q3 Size：0; Q4 Size：0; Q5 Size：8;
2017-04-18 15:38:51,927 - newUK - INFO - 此次验证新UK ：0
2017-04-18 15:38:56,101 - getUk-2 - DEBUG - 使用本地IP
2017-04-18 15:38:57,572 - getUk-1 - DEBUG - 使用本地IP
2017-04-18 15:39:20,296 - getUk-2 - DEBUG - 使用本地IP
2017-04-18 15:39:21,835 - writeMySQL - INFO - 当前新UK数 ：0
2017-04-18 15:39:21,928 - newUK - INFO - 此次验证新UK ：0
2017-04-18 15:39:25,299 - getUk-2 - INFO - Now is searching: FAKE
2017-04-18 15:39:25,869 - getUk-1 - DEBUG - 使用本地IP
2017-04-18 15:39:30,000 - queueSize - INFO - Q1 Size：150; Q2 Size：0; Q3 Size：0; Q4 Size：0; Q5 Size：7;
2017-04-18 15:39:51,144 - getUk-1 - DEBUG - 使用本地IP
2017-04-18 15:39:51,931 - newUK - INFO - 此次验证新UK ：0
2017-04-18 15:40:04,246 - getUk-2 - DEBUG - 使用本地IP
2017-04-18 15:40:11,681 - getUk-1 - DEBUG - 使用本地IP
2017-04-18 15:40:21,838 - writeMySQL - INFO - 当前新UK数 ：0
2017-04-18 15:40:21,934 - newUK - INFO - 此次验证新UK ：0
2017-04-18 15:40:30,000 - queueSize - INFO - Q1 Size：142; Q2 Size：0; Q3 Size：0; Q4 Size：0; Q5 Size：7;
2017-04-18 15:40:36,964 - getUk-2 - DEBUG - 使用本地IP
2017-04-18 15:40:44,461 - getUk-1 - DEBUG - 使用本地IP
2017-04-18 15:40:49,463 - getUk-1 - INFO - Now is searching: 西游伏妖篇
2017-04-18 15:40:51,936 - newUK - INFO - 此次验证新UK ：0
2017-04-18 15:40:55,092 - getUk-1 - DEBUG - 使用本地IP
2017-04-18 15:41:11,046 - getUk-2 - DEBUG - 使用本地IP
2017-04-18 15:41:21,839 - writeMySQL - INFO - 当前新UK数 ：0
2017-04-18 15:41:21,938 - newUK - INFO - 此次验证新UK ：0
2017-04-18 15:41:30,000 - queueSize - INFO - Q1 Size：134; Q2 Size：0; Q3 Size：0; Q4 Size：0; Q5 Size：6;
2017-04-18 15:41:41,132 - getUk-1 - DEBUG - 使用本地IP
2017-04-18 15:41:49,970 - getUk-2 - DEBUG - 使用本地IP
2017-04-18 15:41:51,940 - newUK - INFO - 此次验证新UK ：0
2017-04-18 15:42:07,209 - getUk-1 - DEBUG - 使用本地IP
2017-04-18 15:42:21,842 - writeMySQL - INFO - 当前新UK数 ：0
2017-04-18 15:42:21,941 - newUK - INFO - 此次验证新UK ：0
2017-04-18 15:42:27,680 - getUk-1 - DEBUG - 使用本地IP
2017-04-18 15:42:29,592 - getUk-2 - DEBUG - 使用本地IP
2017-04-18 15:42:30,000 - queueSize - INFO - Q1 Size：126; Q2 Size：0; Q3 Size：0; Q4 Size：0; Q5 Size：6;
2017-04-18 15:42:51,944 - newUK - INFO - 此次验证新UK ：0
2017-04-18 15:42:53,105 - proxyCheck - DEBUG - 61.186.164.98:8080 works
2017-04-18 15:42:57,049 - getUk-1 - DEBUG - 使用本地IP
2017-04-18 15:42:57,355 - getUk-2 - DEBUG - 使用本地IP
2017-04-18 15:43:21,844 - writeMySQL - INFO - 当前新UK数 ：0
2017-04-18 15:43:21,946 - newUK - INFO - 此次验证新UK ：0
2017-04-18 15:43:22,408 - proxyCheck - DEBUG - 203.93.0.115:80 works
2017-04-18 15:43:30,000 - queueSize - INFO - Q1 Size：114; Q2 Size：2; Q3 Size：0; Q4 Size：0; Q5 Size：6;
2017-04-18 15:43:35,000 - queueSize - INFO - proxyList：['61.186.164.98:8080', '115.215.68.69:808', '183.32.89.16:808', '203.93.0.115:80', '111.13.7.42:80', '113.69.167.128:808', '115.213.160.179:808', '101.4.136.34:80', '101.231.213.218:8080', '60.179.41.5:808']
2017-04-18 15:43:35,993 - getUk-1 - DEBUG - 使用本地IP
2017-04-18 15:43:37,516 - getUk-2 - DEBUG - 使用本地IP
2017-04-18 15:43:50,085 - getUk-2 - DEBUG - 使用本地IP
2017-04-18 15:43:51,947 - newUK - INFO - 此次验证新UK ：0
2017-04-18 15:44:06,178 - getUk-1 - DEBUG - 使用本地IP
2017-04-18 15:44:21,846 - writeMySQL - INFO - 当前新UK数 ：0
2017-04-18 15:44:21,950 - newUK - INFO - 此次验证新UK ：0
2017-04-18 15:44:29,359 - getUk-2 - DEBUG - 使用本地IP
2017-04-18 15:44:30,000 - queueSize - INFO - Q1 Size：103; Q2 Size：0; Q3 Size：0; Q4 Size：0; Q5 Size：6;
2017-04-18 15:44:36,151 - getUk-1 - DEBUG - 使用本地IP
2017-04-18 15:44:51,951 - newUK - INFO - 此次验证新UK ：0
2017-04-18 15:45:10,628 - getUk-2 - DEBUG - 使用本地IP
2017-04-18 15:45:15,628 - getUk-2 - INFO - Now is searching: 怪兽卡车
2017-04-18 15:45:21,849 - writeMySQL - INFO - 当前新UK数 ：0
2017-04-18 15:45:21,953 - newUK - INFO - 此次验证新UK ：0
2017-04-18 15:45:25,375 - getUk-1 - DEBUG - 使用本地IP
2017-04-18 15:45:30,000 - queueSize - INFO - Q1 Size：218; Q2 Size：0; Q3 Size：0; Q4 Size：0; Q5 Size：5;
2017-04-18 15:45:43,385 - getUk-2 - DEBUG - 使用本地IP
2017-04-18 15:45:47,673 - getUk-2 - DEBUG - 使用本地IP
2017-04-18 15:45:51,960 - newUK - INFO - 此次验证新UK ：0
2017-04-18 15:45:55,828 - getUk-1 - DEBUG - 使用本地IP
2017-04-18 15:46:00,829 - getUk-1 - INFO - Now is searching: 金刚：骷髅岛
2017-04-18 15:46:21,851 - writeMySQL - INFO - 当前新UK数 ：0
2017-04-18 15:46:21,960 - newUK - INFO - 此次验证新UK ：0
2017-04-18 15:46:30,000 - queueSize - INFO - Q1 Size：208; Q2 Size：0; Q3 Size：0; Q4 Size：0; Q5 Size：4;
2017-04-18 15:46:34,884 - getUk-2 - DEBUG - 使用本地IP
2017-04-18 15:46:35,921 - getUk-1 - DEBUG - 使用本地IP
2017-04-18 15:46:51,963 - newUK - INFO - 此次验证新UK ：0
2017-04-18 15:46:56,111 - getUk-1 - DEBUG - 使用本地IP
2017-04-18 15:46:57,394 - proxySource - DEBUG - 171.13.37.128:808 works
2017-04-18 15:46:58,802 - getUk-2 - DEBUG - 使用本地IP
2017-04-18 15:47:08,265 - getUk-1 - DEBUG - 使用本地IP
2017-04-18 15:47:21,855 - writeMySQL - INFO - 当前新UK数 ：0
2017-04-18 15:47:21,967 - newUK - INFO - 此次验证新UK ：0
2017-04-18 15:47:30,000 - queueSize - INFO - Q1 Size：198; Q2 Size：1; Q3 Size：0; Q4 Size：0; Q5 Size：4;
2017-04-18 15:47:32,091 - getUk-2 - DEBUG - 使用本地IP
2017-04-18 15:47:35,002 - queueSize - INFO - proxyList：['171.13.37.128:808', '61.186.164.98:8080', '115.215.68.69:808', '183.32.89.16:808', '203.93.0.115:80', '111.13.7.42:80', '113.69.167.128:808', '115.213.160.179:808', '101.4.136.34:80', '101.231.213.218:8080']
2017-04-18 15:47:45,677 - getUk-1 - DEBUG - 使用本地IP
2017-04-18 15:47:51,969 - newUK - INFO - 此次验证新UK ：0
2017-04-18 15:48:07,792 - getUk-1 - DEBUG - 使用本地IP
2017-04-18 15:48:14,315 - getUk-2 - DEBUG - 使用本地IP
2017-04-18 15:48:21,858 - writeMySQL - INFO - 当前新UK数 ：0
2017-04-18 15:48:21,971 - newUK - INFO - 此次验证新UK ：0
2017-04-18 15:48:28,569 - getUk-1 - DEBUG - 使用本地IP
2017-04-18 15:48:30,000 - queueSize - INFO - Q1 Size：190; Q2 Size：0; Q3 Size：0; Q4 Size：0; Q5 Size：4;
2017-04-18 15:48:40,119 - getUk-2 - DEBUG - 使用本地IP
2017-04-18 15:48:51,974 - newUK - INFO - 此次验证新UK ：0
2017-04-18 15:49:05,134 - getUk-1 - DEBUG - 使用本地IP
2017-04-18 15:49:15,168 - getUk-2 - DEBUG - 使用本地IP
2017-04-18 15:49:21,861 - writeMySQL - INFO - 当前新UK数 ：0
2017-04-18 15:49:21,976 - newUK - INFO - 此次验证新UK ：0
2017-04-18 15:49:30,000 - queueSize - INFO - Q1 Size：181; Q2 Size：0; Q3 Size：0; Q4 Size：0; Q5 Size：4;
2017-04-18 15:49:49,766 - getUk-2 - DEBUG - 使用本地IP
2017-04-18 15:49:51,887 - getUk-1 - DEBUG - 使用本地IP
2017-04-18 15:49:51,979 - newUK - INFO - 此次验证新UK ：0
2017-04-18 15:50:21,862 - writeMySQL - INFO - 当前新UK数 ：0
2017-04-18 15:50:21,980 - newUK - INFO - 此次验证新UK ：0
2017-04-18 15:50:24,696 - getUk-1 - DEBUG - 使用本地IP
2017-04-18 15:50:25,698 - getUk-2 - DEBUG - 使用本地IP
2017-04-18 15:50:30,000 - queueSize - INFO - Q1 Size：172; Q2 Size：0; Q3 Size：0; Q4 Size：0; Q5 Size：4;
2017-04-18 15:50:30,700 - getUk-2 - INFO - Now is searching: 时间代码
2017-04-18 15:50:51,983 - newUK - INFO - 此次验证新UK ：0
2017-04-18 15:50:56,490 - getUk-2 - DEBUG - 使用本地IP
2017-04-18 15:51:01,124 - getUk-1 - DEBUG - 使用本地IP
2017-04-18 15:51:06,125 - getUk-1 - INFO - Now is searching: 再见
2017-04-18 15:51:21,865 - writeMySQL - INFO - 当前新UK数 ：0
2017-04-18 15:51:21,983 - newUK - INFO - 此次验证新UK ：0
2017-04-18 15:51:26,160 - getUk-2 - DEBUG - 使用本地IP
2017-04-18 15:51:30,000 - queueSize - INFO - Q1 Size：164; Q2 Size：0; Q3 Size：0; Q4 Size：0; Q5 Size：2;
2017-04-18 15:51:36,381 - proxyCheck - DEBUG - 101.4.136.34:80 works
2017-04-18 15:51:37,407 - getUk-1 - DEBUG - 使用本地IP
2017-04-18 15:51:51,984 - newUK - INFO - 此次验证新UK ：0
2017-04-18 15:52:05,582 - getUk-1 - DEBUG - 使用本地IP
2017-04-18 15:52:15,125 - getUk-2 - DEBUG - 使用本地IP
2017-04-18 15:52:21,868 - writeMySQL - INFO - 当前新UK数 ：0
2017-04-18 15:52:21,987 - newUK - INFO - 此次验证新UK ：0
2017-04-18 15:52:30,000 - queueSize - INFO - Q1 Size：154; Q2 Size：1; Q3 Size：0; Q4 Size：0; Q5 Size：2;
2017-04-18 15:52:45,871 - getUk-2 - DEBUG - 使用本地IP
2017-04-18 15:52:51,990 - newUK - INFO - 此次验证新UK ：0
2017-04-18 15:52:55,497 - getUk-1 - DEBUG - 使用本地IP
2017-04-18 15:53:14,739 - proxyCheck - DEBUG - 115.213.160.179:808 works
2017-04-18 15:53:21,871 - writeMySQL - INFO - 当前新UK数 ：0
2017-04-18 15:53:21,993 - newUK - INFO - 此次验证新UK ：0
2017-04-18 15:53:24,447 - getUk-2 - DEBUG - 使用本地IP
2017-04-18 15:53:30,000 - queueSize - INFO - Q1 Size：145; Q2 Size：1; Q3 Size：0; Q4 Size：0; Q5 Size：2;
2017-04-18 15:53:31,746 - getUk-1 - DEBUG - 使用本地IP
2017-04-18 15:53:33,848 - getUk-2 - DEBUG - 使用本地IP
2017-04-18 15:53:51,996 - newUK - INFO - 此次验证新UK ：0
2017-04-18 15:54:06,055 - getUk-2 - DEBUG - 使用本地IP
2017-04-18 15:54:14,321 - getUk-1 - DEBUG - 使用本地IP
2017-04-18 15:54:21,872 - writeMySQL - INFO - 当前新UK数 ：0
2017-04-18 15:54:21,997 - newUK - INFO - 此次验证新UK ：0
2017-04-18 15:54:24,752 - getUk-2 - DEBUG - 使用本地IP
2017-04-18 15:54:30,000 - queueSize - INFO - Q1 Size：137; Q2 Size：0; Q3 Size：0; Q4 Size：0; Q5 Size：2;
2017-04-18 15:54:49,578 - getUk-1 - DEBUG - 使用本地IP
2017-04-18 15:54:52,000 - newUK - INFO - 此次验证新UK ：0
2017-04-18 15:55:10,770 - getUk-2 - DEBUG - 使用本地IP
2017-04-18 15:55:21,875 - writeMySQL - INFO - 当前新UK数 ：0
2017-04-18 15:55:22,002 - newUK - INFO - 此次验证新UK ：0
2017-04-18 15:55:30,000 - queueSize - INFO - Q1 Size：254; Q2 Size：0; Q3 Size：0; Q4 Size：0; Q5 Size：2;
2017-04-18 15:55:33,614 - getUk-1 - DEBUG - 使用本地IP
2017-04-18 15:55:43,565 - getUk-2 - DEBUG - 使用本地IP
2017-04-18 15:55:48,566 - getUk-2 - INFO - Now is searching: 持摄像机的人
2017-04-18 15:55:52,005 - newUK - INFO - 此次验证新UK ：0
2017-04-18 15:56:07,440 - getUk-2 - DEBUG - 使用本地IP
2017-04-18 15:56:08,372 - getUk-1 - DEBUG - 使用本地IP
2017-04-18 15:56:16,641 - proxySource - DEBUG - 61.186.164.98:8080 works
2017-04-18 15:56:17,385 - proxySource - DEBUG - 202.121.96.33:8086 works
2017-04-18 15:56:21,878 - writeMySQL - INFO - 当前新UK数 ：0
2017-04-18 15:56:22,007 - newUK - INFO - 此次验证新UK ：0
2017-04-18 15:56:30,000 - queueSize - INFO - Q1 Size：242; Q2 Size：2; Q3 Size：0; Q4 Size：0; Q5 Size：1;
2017-04-18 15:56:34,707 - getUk-2 - DEBUG - 使用本地IP
2017-04-18 15:56:35,000 - queueSize - INFO - proxyList：['202.121.96.33:8086', '171.13.37.128:808', '61.186.164.98:8080', '115.215.68.69:808', '183.32.89.16:808', '203.93.0.115:80', '111.13.7.42:80', '113.69.167.128:808', '115.213.160.179:808', '101.4.136.34:80']
2017-04-18 15:56:36,213 - getUk-1 - DEBUG - 使用本地IP
2017-04-18 15:56:51,835 - proxyCheck - DEBUG - 113.121.254.134:808 works
2017-04-18 15:56:52,009 - newUK - INFO - 此次验证新UK ：0
2017-04-18 15:56:57,099 - getUk-2 - DEBUG - 使用本地IP
2017-04-18 15:57:07,496 - getUk-1 - DEBUG - 使用本地IP
2017-04-18 15:57:12,499 - getUk-1 - INFO - Now is searching: 生化危机：终章
2017-04-18 15:57:19,778 - getUk-2 - DEBUG - 使用本地IP
2017-04-18 15:57:21,881 - writeMySQL - INFO - 当前新UK数 ：0
2017-04-18 15:57:22,012 - newUK - INFO - 此次验证新UK ：0
2017-04-18 15:57:30,000 - queueSize - INFO - Q1 Size：230; Q2 Size：1; Q3 Size：0; Q4 Size：0; Q5 Size：66;
2017-04-18 15:57:35,000 - queueSize - INFO - proxyList：['113.121.254.134:808', '202.121.96.33:8086', '171.13.37.128:808', '61.186.164.98:8080', '115.215.68.69:808', '183.32.89.16:808', '203.93.0.115:80', '111.13.7.42:80', '113.69.167.128:808', '115.213.160.179:808']
2017-04-18 15:57:42,660 - getUk-1 - DEBUG - 使用本地IP
2017-04-18 15:57:46,434 - getUk-2 - DEBUG - 使用本地IP
2017-04-18 15:57:52,013 - newUK - INFO - 此次验证新UK ：0
2017-04-18 15:58:00,410 - getUk-1 - DEBUG - 使用本地IP
2017-04-18 15:58:21,884 - writeMySQL - INFO - 当前新UK数 ：0
2017-04-18 15:58:22,016 - newUK - INFO - 此次验证新UK ：0
2017-04-18 15:58:30,000 - queueSize - INFO - Q1 Size：219; Q2 Size：0; Q3 Size：0; Q4 Size：0; Q5 Size：66;
2017-04-18 15:58:32,589 - getUk-2 - DEBUG - 使用本地IP
2017-04-18 15:58:34,937 - getUk-1 - DEBUG - 使用本地IP
2017-04-18 15:58:52,017 - newUK - INFO - 此次验证新UK ：0
2017-04-18 15:58:53,240 - getUk-1 - DEBUG - 使用本地IP
2017-04-18 15:59:10,069 - getUk-2 - DEBUG - 使用本地IP
2017-04-18 15:59:16,658 - getUk-1 - DEBUG - 使用本地IP
2017-04-18 15:59:21,885 - writeMySQL - INFO - 当前新UK数 ：0
2017-04-18 15:59:22,019 - newUK - INFO - 此次验证新UK ：0
2017-04-18 15:59:29,210 - getUk-1 - DEBUG - 使用本地IP
2017-04-18 15:59:30,000 - queueSize - INFO - Q1 Size：211; Q2 Size：0; Q3 Size：0; Q4 Size：0; Q5 Size：66;
2017-04-18 15:59:43,630 - getUk-2 - DEBUG - 使用本地IP
2017-04-18 15:59:52,023 - newUK - INFO - 此次验证新UK ：0
2017-04-18 15:59:52,825 - getUk-1 - DEBUG - 使用本地IP
2017-04-18 16:00:03,743 - getUk-2 - DEBUG - 使用本地IP
2017-04-18 16:00:11,213 - getUk-1 - DEBUG - 使用本地IP
2017-04-18 16:00:21,888 - writeMySQL - INFO - 当前新UK数 ：0
2017-04-18 16:00:22,026 - newUK - INFO - 此次验证新UK ：0
2017-04-18 16:00:30,000 - queueSize - INFO - Q1 Size：201; Q2 Size：0; Q3 Size：0; Q4 Size：0; Q5 Size：66;
2017-04-18 16:00:45,201 - getUk-1 - DEBUG - 使用本地IP
2017-04-18 16:00:52,028 - newUK - INFO - 此次验证新UK ：0
2017-04-18 16:00:59,536 - getUk-2 - DEBUG - 使用本地IP
2017-04-18 16:01:04,536 - getUk-2 - INFO - Now is searching: 百年的遗产
2017-04-18 16:01:04,921 - getUk-1 - DEBUG - 使用本地IP
2017-04-18 16:01:09,923 - getUk-1 - INFO - Now is searching: 青青草
2017-04-18 16:01:21,891 - writeMySQL - INFO - 当前新UK数 ：0
2017-04-18 16:01:22,029 - newUK - INFO - 此次验证新UK ：0
2017-04-18 16:01:25,085 - getUk-2 - DEBUG - 使用本地IP
2017-04-18 16:01:30,015 - queueSize - INFO - Q1 Size：191; Q2 Size：0; Q3 Size：0; Q4 Size：0; Q5 Size：64;
2017-04-18 16:01:42,450 - getUk-1 - DEBUG - 使用本地IP
2017-04-18 16:01:50,039 - getUk-2 - DEBUG - 使用本地IP
2017-04-18 16:01:52,032 - newUK - INFO - 此次验证新UK ：0
2017-04-18 16:02:05,608 - getUk-2 - DEBUG - 使用本地IP
2017-04-18 16:02:21,894 - writeMySQL - INFO - 当前新UK数 ：0
2017-04-18 16:02:22,033 - newUK - INFO - 此次验证新UK ：0
2017-04-18 16:02:30,000 - queueSize - INFO - Q1 Size：183; Q2 Size：0; Q3 Size：0; Q4 Size：0; Q5 Size：64;
2017-04-18 16:02:30,220 - proxySource - DEBUG - 60.179.41.5:808 works
2017-04-18 16:02:32,186 - getUk-1 - DEBUG - 使用本地IP
2017-04-18 16:02:35,000 - queueSize - INFO - proxyList：['60.179.41.5:808', '113.121.254.134:808', '202.121.96.33:8086', '171.13.37.128:808', '61.186.164.98:8080', '115.215.68.69:808', '183.32.89.16:808', '203.93.0.115:80', '111.13.7.42:80', '113.69.167.128:808']
2017-04-18 16:02:37,540 - getUk-2 - DEBUG - 使用本地IP
2017-04-18 16:02:52,036 - newUK - INFO - 此次验证新UK ：0
2017-04-18 16:02:53,994 - getUk-1 - DEBUG - 使用本地IP
2017-04-18 16:03:15,598 - getUk-2 - DEBUG - 使用本地IP
2017-04-18 16:03:21,897 - writeMySQL - INFO - 当前新UK数 ：0
2017-04-18 16:03:22,039 - newUK - INFO - 此次验证新UK ：0
2017-04-18 16:03:27,451 - getUk-1 - DEBUG - 使用本地IP
2017-04-18 16:03:30,000 - queueSize - INFO - Q1 Size：174; Q2 Size：0; Q3 Size：0; Q4 Size：0; Q5 Size：64;
2017-04-18 16:03:47,444 - getUk-2 - DEBUG - 使用本地IP
2017-04-18 16:03:52,040 - newUK - INFO - 此次验证新UK ：0
2017-04-18 16:04:07,056 - getUk-1 - DEBUG - 使用本地IP
2017-04-18 16:04:07,056 - getUk-2 - DEBUG - 使用本地IP
2017-04-18 16:04:21,898 - writeMySQL - INFO - 当前新UK数 ：0
2017-04-18 16:04:22,042 - newUK - INFO - 此次验证新UK ：0
2017-04-18 16:04:30,000 - queueSize - INFO - Q1 Size：166; Q2 Size：0; Q3 Size：0; Q4 Size：0; Q5 Size：64;
2017-04-18 16:04:39,121 - getUk-1 - DEBUG - 使用本地IP
2017-04-18 16:04:52,043 - newUK - INFO - 此次验证新UK ：0
2017-04-18 16:04:53,321 - getUk-2 - DEBUG - 使用本地IP
2017-04-18 16:04:58,693 - getUk-1 - DEBUG - 使用本地IP
2017-04-18 16:04:59,707 - proxyCheck - DEBUG - 101.4.136.34:80 works
2017-04-18 16:05:21,901 - writeMySQL - INFO - 当前新UK数 ：0
2017-04-18 16:05:22,046 - newUK - INFO - 此次验证新UK ：0
2017-04-18 16:05:30,000 - queueSize - INFO - Q1 Size：282; Q2 Size：1; Q3 Size：0; Q4 Size：0; Q5 Size：64;
2017-04-18 16:05:31,927 - getUk-1 - DEBUG - 使用本地IP
2017-04-18 16:05:32,809 - getUk-2 - DEBUG - 使用本地IP
2017-04-18 16:05:35,000 - queueSize - INFO - proxyList：['101.4.136.34:80', '60.179.41.5:808', '113.121.254.134:808', '202.121.96.33:8086', '171.13.37.128:808', '61.186.164.98:8080', '115.215.68.69:808', '183.32.89.16:808', '203.93.0.115:80', '111.13.7.42:80']
2017-04-18 16:05:52,052 - newUK - INFO - 此次验证新UK ：0
2017-04-18 16:06:00,153 - getUk-2 - DEBUG - 使用本地IP
2017-04-18 16:06:04,729 - getUk-1 - DEBUG - 使用本地IP
2017-04-18 16:06:05,154 - getUk-2 - INFO - Now is searching: 多少爱，可以重来
2017-04-18 16:06:21,904 - writeMySQL - INFO - 当前新UK数 ：0
2017-04-18 16:06:22,055 - newUK - INFO - 此次验证新UK ：0
2017-04-18 16:06:30,000 - queueSize - INFO - Q1 Size：274; Q2 Size：0; Q3 Size：0; Q4 Size：0; Q5 Size：63;
2017-04-18 16:06:37,651 - getUk-1 - DEBUG - 使用本地IP
2017-04-18 16:06:38,372 - getUk-2 - DEBUG - 使用本地IP
2017-04-18 16:06:42,654 - getUk-1 - INFO - Now is searching: 寻找埃里克
2017-04-18 16:06:52,058 - newUK - INFO - 此次验证新UK ：0
2017-04-18 16:07:21,908 - writeMySQL - INFO - 当前新UK数 ：0
2017-04-18 16:07:22,062 - newUK - INFO - 此次验证新UK ：0
2017-04-18 16:07:22,737 - getUk-1 - DEBUG - 使用本地IP
2017-04-18 16:07:30,000 - queueSize - INFO - Q1 Size：266; Q2 Size：0; Q3 Size：0; Q4 Size：0; Q5 Size：62;
2017-04-18 16:07:32,430 - getUk-2 - DEBUG - 使用本地IP
2017-04-18 16:07:52,063 - newUK - INFO - 此次验证新UK ：0
2017-04-18 16:07:56,301 - getUk-1 - DEBUG - 使用本地IP
2017-04-18 16:08:17,200 - getUk-2 - DEBUG - 使用本地IP
2017-04-18 16:08:21,911 - writeMySQL - INFO - 当前新UK数 ：0
2017-04-18 16:08:22,073 - newUK - INFO - 此次验证新UK ：0
2017-04-18 16:08:22,109 - getUk-1 - DEBUG - 使用本地IP
2017-04-18 16:08:30,000 - queueSize - INFO - Q1 Size：258; Q2 Size：0; Q3 Size：0; Q4 Size：0; Q5 Size：62;
2017-04-18 16:08:43,428 - getUk-1 - DEBUG - 使用本地IP
2017-04-18 16:08:47,793 - getUk-2 - DEBUG - 使用本地IP
2017-04-18 16:08:52,076 - newUK - INFO - 此次验证新UK ：0
2017-04-18 16:09:05,499 - getUk-1 - DEBUG - 使用本地IP
2017-04-18 16:09:21,914 - writeMySQL - INFO - 当前新UK数 ：0
2017-04-18 16:09:22,078 - newUK - INFO - 此次验证新UK ：0
2017-04-18 16:09:23,099 - getUk-2 - DEBUG - 使用本地IP
2017-04-18 16:09:30,000 - queueSize - INFO - Q1 Size：250; Q2 Size：0; Q3 Size：0; Q4 Size：0; Q5 Size：62;
2017-04-18 16:09:38,263 - getUk-1 - DEBUG - 使用本地IP
2017-04-18 16:09:40,871 - proxyCheck - DEBUG - 61.186.164.98:8080 works
2017-04-18 16:09:52,081 - newUK - INFO - 此次验证新UK ：0
2017-04-18 16:09:59,769 - getUk-2 - DEBUG - 使用本地IP
2017-04-18 16:10:14,651 - getUk-1 - DEBUG - 使用本地IP
2017-04-18 16:10:21,917 - writeMySQL - INFO - 当前新UK数 ：0
2017-04-18 16:10:22,082 - newUK - INFO - 此次验证新UK ：0
2017-04-18 16:10:28,588 - getUk-2 - DEBUG - 使用本地IP
2017-04-18 16:10:30,000 - queueSize - INFO - Q1 Size：236; Q2 Size：1; Q3 Size：0; Q4 Size：0; Q5 Size：62;
2017-04-18 16:10:52,084 - newUK - INFO - 此次验证新UK ：0
2017-04-18 16:10:54,575 - getUk-1 - DEBUG - 使用本地IP
2017-04-18 16:11:01,908 - getUk-2 - DEBUG - 使用本地IP
2017-04-18 16:11:21,921 - writeMySQL - INFO - 当前新UK数 ：0
2017-04-18 16:11:22,086 - newUK - INFO - 此次验证新UK ：0
2017-04-18 16:11:28,933 - getUk-1 - DEBUG - 使用本地IP
2017-04-18 16:11:30,000 - queueSize - INFO - Q1 Size：227; Q2 Size：0; Q3 Size：0; Q4 Size：0; Q5 Size：62;
2017-04-18 16:11:43,167 - getUk-2 - DEBUG - 使用本地IP
2017-04-18 16:11:52,088 - newUK - INFO - 此次验证新UK ：0
2017-04-18 16:12:04,022 - getUk-1 - DEBUG - 使用本地IP
2017-04-18 16:12:09,023 - getUk-1 - INFO - Now is searching: 美丽的星期天
2017-04-18 16:12:21,923 - writeMySQL - INFO - 当前新UK数 ：0
2017-04-18 16:12:22,091 - newUK - INFO - 此次验证新UK ：0
2017-04-18 16:12:30,000 - queueSize - INFO - Q1 Size：215; Q2 Size：0; Q3 Size：0; Q4 Size：0; Q5 Size：61;
2017-04-18 16:12:36,142 - getUk-2 - DEBUG - 使用本地IP
2017-04-18 16:12:41,144 - getUk-2 - INFO - Now is searching: 我和我的姐妹
2017-04-18 16:12:49,288 - getUk-1 - DEBUG - 使用本地IP
2017-04-18 16:12:52,092 - newUK - INFO - 此次验证新UK ：0
2017-04-18 16:13:05,767 - getUk-2 - DEBUG - 使用本地IP
2017-04-18 16:13:17,852 - getUk-2 - DEBUG - 使用本地IP
2017-04-18 16:13:19,573 - getUk-1 - DEBUG - 使用本地IP
2017-04-18 16:13:21,924 - writeMySQL - INFO - 当前新UK数 ：0
2017-04-18 16:13:22,095 - newUK - INFO - 此次验证新UK ：0
2017-04-18 16:13:30,000 - queueSize - INFO - Q1 Size：207; Q2 Size：0; Q3 Size：0; Q4 Size：0; Q5 Size：60;
2017-04-18 16:13:41,693 - getUk-1 - DEBUG - 使用本地IP
2017-04-18 16:13:52,096 - newUK - INFO - 此次验证新UK ：0
2017-04-18 16:13:55,236 - getUk-2 - DEBUG - 使用本地IP
2017-04-18 16:14:03,806 - getUk-1 - DEBUG - 使用本地IP
2017-04-18 16:14:18,901 - getUk-2 - DEBUG - 使用本地IP
2017-04-18 16:14:21,927 - writeMySQL - INFO - 当前新UK数 ：0
2017-04-18 16:14:22,098 - newUK - INFO - 此次验证新UK ：0
2017-04-18 16:14:23,512 - getUk-1 - DEBUG - 使用本地IP
2017-04-18 16:14:30,000 - queueSize - INFO - Q1 Size：194; Q2 Size：0; Q3 Size：0; Q4 Size：0; Q5 Size：60;
2017-04-18 16:14:38,476 - getUk-2 - DEBUG - 使用本地IP
2017-04-18 16:14:52,101 - newUK - INFO - 此次验证新UK ：0
2017-04-18 16:14:54,176 - getUk-1 - DEBUG - 使用本地IP
2017-04-18 16:15:16,450 - getUk-2 - DEBUG - 使用本地IP
2017-04-18 16:15:17,739 - getUk-1 - DEBUG - 使用本地IP
2017-04-18 16:15:21,930 - writeMySQL - INFO - 当前新UK数 ：0
2017-04-18 16:15:22,102 - newUK - INFO - 此次验证新UK ：0
2017-04-18 16:15:30,000 - queueSize - INFO - Q1 Size：236; Q2 Size：0; Q3 Size：0; Q4 Size：0; Q5 Size：60;
2017-04-18 16:15:37,539 - getUk-1 - DEBUG - 使用本地IP
2017-04-18 16:15:52,105 - newUK - INFO - 此次验证新UK ：0
2017-04-18 16:15:54,854 - getUk-2 - DEBUG - 使用本地IP
2017-04-18 16:16:02,963 - getUk-1 - DEBUG - 使用本地IP
2017-04-18 16:16:21,933 - writeMySQL - INFO - 当前新UK数 ：0
2017-04-18 16:16:22,105 - newUK - INFO - 此次验证新UK ：0
2017-04-18 16:16:25,391 - getUk-2 - DEBUG - 使用本地IP
2017-04-18 16:16:29,974 - getUk-1 - DEBUG - 使用本地IP
2017-04-18 16:16:30,000 - queueSize - INFO - Q1 Size：303; Q2 Size：0; Q3 Size：0; Q4 Size：0; Q5 Size：60;
2017-04-18 16:16:34,976 - getUk-1 - INFO - Now is searching: 淑女忘记了什么
2017-04-18 16:16:37,020 - proxySource - DEBUG - 111.13.7.42:80 works
2017-04-18 16:16:52,108 - newUK - INFO - 此次验证新UK ：0
2017-04-18 16:16:58,529 - getUk-2 - DEBUG - 使用本地IP
2017-04-18 16:17:13,667 - getUk-1 - DEBUG - 使用本地IP
2017-04-18 16:17:21,936 - writeMySQL - INFO - 当前新UK数 ：0
2017-04-18 16:17:22,111 - newUK - INFO - 此次验证新UK ：0
2017-04-18 16:17:22,443 - getUk-2 - DEBUG - 使用本地IP
2017-04-18 16:17:27,444 - getUk-2 - INFO - Now is searching: 流金岁月 第一季
2017-04-18 16:17:30,000 - queueSize - INFO - Q1 Size：294; Q2 Size：1; Q3 Size：0; Q4 Size：0; Q5 Size：58;
2017-04-18 16:17:52,112 - newUK - INFO - 此次验证新UK ：0
2017-04-18 16:17:52,832 - getUk-1 - DEBUG - 使用本地IP
2017-04-18 16:18:03,885 - getUk-2 - DEBUG - 使用本地IP
2017-04-18 16:18:21,938 - writeMySQL - INFO - 当前新UK数 ：0
2017-04-18 16:18:22,115 - newUK - INFO - 此次验证新UK ：0
2017-04-18 16:18:22,270 - proxyCheck - DEBUG - 101.4.136.34:80 works
2017-04-18 16:18:25,345 - getUk-1 - DEBUG - 使用本地IP
2017-04-18 16:18:30,000 - queueSize - INFO - Q1 Size：285; Q2 Size：1; Q3 Size：0; Q4 Size：0; Q5 Size：58;
2017-04-18 16:18:44,418 - getUk-2 - DEBUG - 使用本地IP
2017-04-18 16:18:52,117 - newUK - INFO - 此次验证新UK ：0
2017-04-18 16:18:52,693 - getUk-2 - DEBUG - 使用本地IP
2017-04-18 16:18:55,249 - getUk-1 - DEBUG - 使用本地IP
2017-04-18 16:19:14,063 - getUk-2 - DEBUG - 使用本地IP
2017-04-18 16:19:17,630 - getUk-1 - DEBUG - 使用本地IP
2017-04-18 16:19:21,940 - writeMySQL - INFO - 当前新UK数 ：0
2017-04-18 16:19:22,118 - newUK - INFO - 此次验证新UK ：0
2017-04-18 16:19:30,000 - queueSize - INFO - Q1 Size：276; Q2 Size：0; Q3 Size：0; Q4 Size：0; Q5 Size：58;
2017-04-18 16:19:33,967 - getUk-2 - DEBUG - 使用本地IP
2017-04-18 16:19:45,739 - getUk-1 - DEBUG - 使用本地IP
2017-04-18 16:19:47,207 - getUk-2 - DEBUG - 使用本地IP
2017-04-18 16:19:52,119 - newUK - INFO - 此次验证新UK ：0
2017-04-18 16:19:56,765 - getUk-2 - DEBUG - 使用本地IP
2017-04-18 16:20:21,943 - writeMySQL - INFO - 当前新UK数 ：0
2017-04-18 16:20:22,122 - newUK - INFO - 此次验证新UK ：0
2017-04-18 16:20:24,137 - getUk-1 - DEBUG - 使用本地IP
2017-04-18 16:20:30,000 - queueSize - INFO - Q1 Size：268; Q2 Size：0; Q3 Size：0; Q4 Size：0; Q5 Size：58;
2017-04-18 16:20:30,345 - getUk-2 - DEBUG - 使用本地IP
2017-04-18 16:20:52,125 - newUK - INFO - 此次验证新UK ：0
2017-04-18 16:20:53,253 - getUk-1 - DEBUG - 使用本地IP
2017-04-18 16:21:20,759 - getUk-2 - DEBUG - 使用本地IP
2017-04-18 16:21:21,944 - writeMySQL - INFO - 当前新UK数 ：0
2017-04-18 16:21:22,128 - newUK - INFO - 此次验证新UK ：0
2017-04-18 16:21:30,000 - queueSize - INFO - Q1 Size：260; Q2 Size：0; Q3 Size：0; Q4 Size：0; Q5 Size：58;
2017-04-18 16:21:35,071 - getUk-2 - DEBUG - 使用本地IP
2017-04-18 16:21:40,072 - getUk-2 - INFO - Now is searching: 与春同行
2017-04-18 16:21:42,269 - getUk-1 - DEBUG - 使用本地IP
2017-04-18 16:21:52,128 - newUK - INFO - 此次验证新UK ：0
2017-04-18 16:21:55,773 - getUk-1 - DEBUG - 使用本地IP
2017-04-18 16:22:00,773 - getUk-1 - INFO - Now is searching: 食来孕转
2017-04-18 16:22:06,345 - getUk-2 - DEBUG - 使用本地IP
2017-04-18 16:22:21,947 - writeMySQL - INFO - 当前新UK数 ：0
2017-04-18 16:22:22,131 - newUK - INFO - 此次验证新UK ：0
2017-04-18 16:22:30,000 - queueSize - INFO - Q1 Size：252; Q2 Size：0; Q3 Size：0; Q4 Size：0; Q5 Size：56;
2017-04-18 16:22:33,368 - getUk-1 - DEBUG - 使用本地IP
2017-04-18 16:22:46,686 - getUk-2 - DEBUG - 使用本地IP
2017-04-18 16:22:52,134 - newUK - INFO - 此次验证新UK ：0
2017-04-18 16:22:55,668 - getUk-2 - DEBUG - 使用本地IP
2017-04-18 16:22:56,878 - proxyCheck - DEBUG - 61.186.164.98:8080 works
2017-04-18 16:22:58,339 - proxyCheck - DEBUG - 124.88.67.19:80 works
2017-04-18 16:23:06,323 - getUk-1 - DEBUG - 使用本地IP
2017-04-18 16:23:13,414 - getUk-2 - DEBUG - 使用本地IP
2017-04-18 16:23:20,167 - getUk-1 - DEBUG - 使用本地IP
2017-04-18 16:23:21,950 - writeMySQL - INFO - 当前新UK数 ：0
2017-04-18 16:23:22,137 - newUK - INFO - 此次验证新UK ：0
2017-04-18 16:23:30,000 - queueSize - INFO - Q1 Size：241; Q2 Size：2; Q3 Size：0; Q4 Size：0; Q5 Size：56;
2017-04-18 16:23:35,000 - queueSize - INFO - proxyList：['124.88.67.19:80', '101.4.136.34:80', '60.179.41.5:808', '113.121.254.134:808', '202.121.96.33:8086', '171.13.37.128:808', '61.186.164.98:8080', '115.215.68.69:808', '183.32.89.16:808', '203.93.0.115:80']
2017-04-18 16:23:44,473 - getUk-2 - DEBUG - 使用本地IP
2017-04-18 16:23:48,134 - getUk-1 - DEBUG - 使用本地IP
2017-04-18 16:23:52,138 - newUK - INFO - 此次验证新UK ：0
2017-04-18 16:23:59,009 - getUk-1 - DEBUG - 使用本地IP
2017-04-18 16:24:09,907 - getUk-1 - DEBUG - 使用本地IP
2017-04-18 16:24:21,493 - getUk-2 - DEBUG - 使用本地IP
2017-04-18 16:24:21,953 - writeMySQL - INFO - 当前新UK数 ：0
2017-04-18 16:24:22,023 - proxyCheck - DEBUG - 119.5.0.115:808 works
2017-04-18 16:24:22,147 - newUK - INFO - 此次验证新UK ：0
2017-04-18 16:24:28,625 - getUk-1 - DEBUG - 使用本地IP
2017-04-18 16:24:30,000 - queueSize - INFO - Q1 Size：228; Q2 Size：1; Q3 Size：0; Q4 Size：0; Q5 Size：56;
2017-04-18 16:24:35,000 - queueSize - INFO - proxyList：['119.5.0.115:808', '124.88.67.19:80', '101.4.136.34:80', '60.179.41.5:808', '113.121.254.134:808', '202.121.96.33:8086', '171.13.37.128:808', '61.186.164.98:8080', '115.215.68.69:808', '183.32.89.16:808']
2017-04-18 16:24:47,796 - getUk-1 - DEBUG - 使用本地IP
2017-04-18 16:24:52,148 - newUK - INFO - 此次验证新UK ：0
2017-04-18 16:24:58,147 - getUk-2 - DEBUG - 使用本地IP
2017-04-18 16:25:14,664 - getUk-2 - DEBUG - 使用本地IP
2017-04-18 16:25:19,211 - getUk-1 - DEBUG - 使用本地IP
2017-04-18 16:25:21,954 - writeMySQL - INFO - 当前新UK数 ：0
2017-04-18 16:25:22,151 - newUK - INFO - 此次验证新UK ：0
2017-04-18 16:25:30,000 - queueSize - INFO - Q1 Size：217; Q2 Size：0; Q3 Size：0; Q4 Size：0; Q5 Size：56;
2017-04-18 16:25:35,270 - getUk-2 - DEBUG - 使用本地IP
2017-04-18 16:25:38,614 - getUk-1 - DEBUG - 使用本地IP
2017-04-18 16:25:43,615 - getUk-1 - INFO - Now is searching: 爸爸回来了 第二季
2017-04-18 16:25:52,153 - newUK - INFO - 此次验证新UK ：0
2017-04-18 16:26:00,407 - getUk-2 - DEBUG - 使用本地IP
2017-04-18 16:26:05,411 - getUk-2 - INFO - Now is searching: 媳妇的烦恼
2017-04-18 16:26:08,312 - getUk-1 - DEBUG - 使用本地IP
2017-04-18 16:26:21,957 - writeMySQL - INFO - 当前新UK数 ：0
2017-04-18 16:26:22,157 - newUK - INFO - 此次验证新UK ：0
2017-04-18 16:26:28,921 - getUk-1 - DEBUG - 使用本地IP
2017-04-18 16:26:30,000 - queueSize - INFO - Q1 Size：208; Q2 Size：0; Q3 Size：0; Q4 Size：0; Q5 Size：54;
2017-04-18 16:26:41,737 - getUk-1 - DEBUG - 使用本地IP
2017-04-18 16:26:51,209 - getUk-2 - DEBUG - 使用本地IP
2017-04-18 16:26:52,160 - newUK - INFO - 此次验证新UK ：0
2017-04-18 16:27:00,625 - getUk-1 - DEBUG - 使用本地IP
2017-04-18 16:27:08,723 - getUk-1 - DEBUG - 使用本地IP
2017-04-18 16:27:13,602 - getUk-2 - DEBUG - 使用本地IP
2017-04-18 16:27:16,134 - getUk-1 - DEBUG - 使用本地IP
2017-04-18 16:27:21,966 - writeMySQL - INFO - 当前新UK数 ：0
2017-04-18 16:27:22,164 - newUK - INFO - 此次验证新UK ：0
2017-04-18 16:27:23,051 - getUk-2 - DEBUG - 使用本地IP
2017-04-18 16:27:29,509 - getUk-2 - DEBUG - 使用本地IP
2017-04-18 16:27:30,000 - queueSize - INFO - Q1 Size：247; Q2 Size：0; Q3 Size：0; Q4 Size：0; Q5 Size：54;
2017-04-18 16:27:38,253 - getUk-1 - DEBUG - 使用本地IP
2017-04-18 16:27:39,569 - getUk-2 - DEBUG - 使用本地IP
2017-04-18 16:27:52,168 - newUK - INFO - 此次验证新UK ：0
2017-04-18 16:27:58,648 - getUk-1 - DEBUG - 使用本地IP
2017-04-18 16:28:03,354 - getUk-2 - DEBUG - 使用本地IP
2017-04-18 16:28:12,953 - getUk-1 - DEBUG - 使用本地IP
2017-04-18 16:28:21,967 - writeMySQL - INFO - 当前新UK数 ：0
2017-04-18 16:28:22,171 - newUK - INFO - 此次验证新UK ：0
2017-04-18 16:28:22,825 - getUk-1 - DEBUG - 使用本地IP
2017-04-18 16:28:25,994 - getUk-2 - DEBUG - 使用本地IP
2017-04-18 16:28:27,826 - getUk-1 - INFO - Now is searching: 法蒂玛
2017-04-18 16:28:30,000 - queueSize - INFO - Q1 Size：314; Q2 Size：0; Q3 Size：0; Q4 Size：0; Q5 Size：53;
2017-04-18 16:28:41,499 - getUk-1 - DEBUG - 使用本地IP
2017-04-18 16:28:47,371 - getUk-1 - DEBUG - 使用本地IP
2017-04-18 16:28:48,079 - getUk-2 - DEBUG - 使用本地IP
2017-04-18 16:28:52,173 - newUK - INFO - 此次验证新UK ：0
2017-04-18 16:29:09,151 - getUk-1 - DEBUG - 使用本地IP
2017-04-18 16:29:11,292 - proxyCheck - DEBUG - 60.179.41.5:808 works
2017-04-18 16:29:15,493 - getUk-2 - DEBUG - 使用本地IP
2017-04-18 16:29:19,236 - getUk-1 - DEBUG - 使用本地IP
2017-04-18 16:29:21,969 - writeMySQL - INFO - 当前新UK数 ：0
2017-04-18 16:29:22,174 - newUK - INFO - 此次验证新UK ：0
2017-04-18 16:29:30,000 - queueSize - INFO - Q1 Size：305; Q2 Size：1; Q3 Size：0; Q4 Size：0; Q5 Size：53;
2017-04-18 16:29:35,961 - getUk-2 - DEBUG - 使用本地IP
2017-04-18 16:29:38,677 - getUk-1 - DEBUG - 使用本地IP
2017-04-18 16:29:40,963 - getUk-2 - INFO - Now is searching: 同命鸟
2017-04-18 16:29:46,934 - getUk-1 - DEBUG - 使用本地IP
2017-04-18 16:29:52,177 - newUK - INFO - 此次验证新UK ：0
2017-04-18 16:29:59,683 - getUk-2 - DEBUG - 使用本地IP
2017-04-18 16:30:05,178 - getUk-1 - DEBUG - 使用本地IP
2017-04-18 16:30:17,528 - getUk-2 - DEBUG - 使用本地IP
2017-04-18 16:30:21,971 - writeMySQL - INFO - 当前新UK数 ：0
2017-04-18 16:30:22,178 - newUK - INFO - 此次验证新UK ：0
2017-04-18 16:30:25,223 - getUk-2 - DEBUG - 使用本地IP
2017-04-18 16:30:30,000 - queueSize - INFO - Q1 Size：296; Q2 Size：0; Q3 Size：0; Q4 Size：0; Q5 Size：52;
2017-04-18 16:30:38,529 - getUk-1 - DEBUG - 使用本地IP
2017-04-18 16:30:52,181 - newUK - INFO - 此次验证新UK ：0
2017-04-18 16:30:53,095 - getUk-2 - DEBUG - 使用本地IP
2017-04-18 16:30:59,858 - getUk-1 - DEBUG - 使用本地IP
2017-04-18 16:31:07,000 - getUk-1 - DEBUG - 使用本地IP
2017-04-18 16:31:12,002 - getUk-1 - INFO - Now is searching: 爸爸回来了 第一季
2017-04-18 16:31:18,318 - getUk-2 - DEBUG - 使用本地IP
2017-04-18 16:31:21,973 - writeMySQL - INFO - 当前新UK数 ：0
2017-04-18 16:31:22,183 - newUK - INFO - 此次验证新UK ：0
2017-04-18 16:31:24,096 - getUk-1 - DEBUG - 使用本地IP
2017-04-18 16:31:25,694 - getUk-2 - DEBUG - 使用本地IP
2017-04-18 16:31:28,084 - getUk-1 - DEBUG - 使用本地IP
2017-04-18 16:31:30,000 - queueSize - INFO - Q1 Size：288; Q2 Size：0; Q3 Size：0; Q4 Size：0; Q5 Size：51;
2017-04-18 16:31:33,546 - getUk-1 - DEBUG - 使用本地IP
2017-04-18 16:31:45,381 - proxyCheck - DEBUG - 101.4.136.34:80 works
2017-04-18 16:31:49,507 - getUk-2 - DEBUG - 使用本地IP
2017-04-18 16:31:52,184 - newUK - INFO - 此次验证新UK ：0
2017-04-18 16:31:53,816 - getUk-1 - DEBUG - 使用本地IP
2017-04-18 16:31:57,028 - getUk-2 - DEBUG - 使用本地IP
2017-04-18 16:32:02,020 - getUk-1 - DEBUG - 使用本地IP
2017-04-18 16:32:07,506 - getUk-1 - DEBUG - 使用本地IP
2017-04-18 16:32:14,496 - getUk-1 - DEBUG - 使用本地IP
2017-04-18 16:32:20,779 - getUk-2 - DEBUG - 使用本地IP
2017-04-18 16:32:21,976 - writeMySQL - INFO - 当前新UK数 ：0
2017-04-18 16:32:22,187 - newUK - INFO - 此次验证新UK ：0
2017-04-18 16:32:30,000 - queueSize - INFO - Q1 Size：280; Q2 Size：1; Q3 Size：0; Q4 Size：0; Q5 Size：51;
2017-04-18 16:32:38,407 - getUk-1 - DEBUG - 使用本地IP
2017-04-18 16:32:47,895 - getUk-1 - DEBUG - 使用本地IP
2017-04-18 16:32:52,190 - newUK - INFO - 此次验证新UK ：0
2017-04-18 16:32:52,913 - getUk-1 - DEBUG - 使用本地IP
2017-04-18 16:32:56,490 - getUk-2 - DEBUG - 使用本地IP
2017-04-18 16:32:57,914 - getUk-1 - INFO - Now is searching: 蓝色苹果树
2017-04-18 16:33:01,490 - getUk-2 - INFO - Now is searching: 开心老爸
2017-04-18 16:33:16,674 - getUk-1 - DEBUG - 使用本地IP
2017-04-18 16:33:21,977 - writeMySQL - INFO - 当前新UK数 ：0
2017-04-18 16:33:22,191 - newUK - INFO - 此次验证新UK ：0
2017-04-18 16:33:30,000 - queueSize - INFO - Q1 Size：271; Q2 Size：0; Q3 Size：0; Q4 Size：0; Q5 Size：49;
2017-04-18 16:33:34,437 - getUk-2 - DEBUG - 使用本地IP
2017-04-18 16:33:37,750 - getUk-1 - DEBUG - 使用本地IP
2017-04-18 16:33:46,332 - getUk-2 - DEBUG - 使用本地IP
2017-04-18 16:33:52,194 - newUK - INFO - 此次验证新UK ：0
2017-04-18 16:33:57,394 - getUk-1 - DEBUG - 使用本地IP
2017-04-18 16:34:17,947 - getUk-1 - DEBUG - 使用本地IP
2017-04-18 16:34:18,950 - getUk-2 - DEBUG - 使用本地IP
2017-04-18 16:34:21,980 - writeMySQL - INFO - 当前新UK数 ：0
2017-04-18 16:34:22,194 - newUK - INFO - 此次验证新UK ：0
2017-04-18 16:34:30,000 - queueSize - INFO - Q1 Size：263; Q2 Size：0; Q3 Size：0; Q4 Size：0; Q5 Size：49;
2017-04-18 16:34:31,647 - getUk-1 - DEBUG - 使用本地IP
2017-04-18 16:34:37,243 - getUk-2 - DEBUG - 使用本地IP
2017-04-18 16:34:47,260 - getUk-1 - DEBUG - 使用本地IP
2017-04-18 16:34:47,678 - getUk-2 - DEBUG - 使用本地IP
2017-04-18 16:34:52,197 - newUK - INFO - 此次验证新UK ：0
2017-04-18 16:34:59,073 - getUk-1 - DEBUG - 使用本地IP
2017-04-18 16:35:16,163 - getUk-2 - DEBUG - 使用本地IP
2017-04-18 16:35:21,982 - writeMySQL - INFO - 当前新UK数 ：0
2017-04-18 16:35:22,148 - getUk-1 - DEBUG - 使用本地IP
2017-04-18 16:35:22,198 - newUK - INFO - 此次验证新UK ：0
2017-04-18 16:35:30,000 - queueSize - INFO - Q1 Size：255; Q2 Size：0; Q3 Size：0; Q4 Size：0; Q5 Size：49;
2017-04-18 16:35:33,359 - getUk-2 - DEBUG - 使用本地IP
2017-04-18 16:35:36,969 - getUk-1 - DEBUG - 使用本地IP
2017-04-18 16:35:43,391 - getUk-1 - DEBUG - 使用本地IP
2017-04-18 16:35:48,394 - getUk-1 - INFO - Now is searching: 华和家四姐妹
2017-04-18 16:35:52,201 - newUK - INFO - 此次验证新UK ：0
2017-04-18 16:35:52,503 - getUk-2 - DEBUG - 使用本地IP
2017-04-18 16:35:58,747 - getUk-1 - DEBUG - 使用本地IP
2017-04-18 16:35:59,007 - getUk-2 - DEBUG - 使用本地IP
2017-04-18 16:36:08,783 - proxySource - DEBUG - 171.13.37.128:808 works
2017-04-18 16:36:14,334 - proxySource - DEBUG - 61.186.164.98:8080 works
2017-04-18 16:36:16,016 - proxySource - DEBUG - 124.88.67.19:80 works
2017-04-18 16:36:21,983 - writeMySQL - INFO - 当前新UK数 ：0
2017-04-18 16:36:22,203 - newUK - INFO - 此次验证新UK ：0
2017-04-18 16:36:22,664 - getUk-2 - DEBUG - 使用本地IP
2017-04-18 16:36:27,665 - getUk-2 - INFO - Now is searching: 满仓进城
2017-04-18 16:36:30,000 - queueSize - INFO - Q1 Size：244; Q2 Size：3; Q3 Size：0; Q4 Size：0; Q5 Size：47;
2017-04-18 16:36:32,720 - getUk-1 - DEBUG - 使用本地IP
2017-04-18 16:36:37,729 - getUk-2 - DEBUG - 使用本地IP
2017-04-18 16:36:44,711 - getUk-1 - DEBUG - 使用本地IP
2017-04-18 16:36:51,164 - getUk-2 - DEBUG - 使用本地IP
2017-04-18 16:36:52,206 - newUK - INFO - 此次验证新UK ：0
2017-04-18 16:36:57,483 - getUk-1 - DEBUG - 使用本地IP
2017-04-18 16:37:14,296 - getUk-2 - DEBUG - 使用本地IP
2017-04-18 16:37:21,986 - writeMySQL - INFO - 当前新UK数 ：0
2017-04-18 16:37:22,207 - newUK - INFO - 此次验证新UK ：0
2017-04-18 16:37:22,861 - getUk-1 - DEBUG - 使用本地IP
2017-04-18 16:37:28,302 - getUk-1 - DEBUG - 使用本地IP
2017-04-18 16:37:29,496 - getUk-2 - DEBUG - 使用本地IP
2017-04-18 16:37:30,000 - queueSize - INFO - Q1 Size：233; Q2 Size：0; Q3 Size：0; Q4 Size：0; Q5 Size：47;
2017-04-18 16:37:32,542 - getUk-2 - DEBUG - 使用本地IP
2017-04-18 16:37:35,940 - getUk-1 - DEBUG - 使用本地IP
2017-04-18 16:37:40,595 - proxyCheck - DEBUG - 119.5.0.115:808 works
2017-04-18 16:37:45,582 - getUk-1 - DEBUG - 使用本地IP
2017-04-18 16:37:52,210 - newUK - INFO - 此次验证新UK ：0
2017-04-18 16:37:52,839 - getUk-2 - DEBUG - 使用本地IP
2017-04-18 16:37:52,930 - getUk-1 - DEBUG - 使用本地IP
2017-04-18 16:38:08,545 - getUk-2 - DEBUG - 使用本地IP
2017-04-18 16:38:11,285 - getUk-1 - DEBUG - 使用本地IP
2017-04-18 16:38:16,286 - getUk-1 - INFO - Now is searching: 为人父母 第二季
2017-04-18 16:38:20,259 - getUk-2 - DEBUG - 使用本地IP
2017-04-18 16:38:21,990 - writeMySQL - INFO - 当前新UK数 ：0
2017-04-18 16:38:22,214 - newUK - INFO - 此次验证新UK ：0
2017-04-18 16:38:30,000 - queueSize - INFO - Q1 Size：221; Q2 Size：1; Q3 Size：0; Q4 Size：0; Q5 Size：46;
2017-04-18 16:38:39,177 - getUk-2 - DEBUG - 使用本地IP
2017-04-18 16:38:46,351 - getUk-1 - DEBUG - 使用本地IP
2017-04-18 16:38:47,782 - proxyCheck - DEBUG - 222.85.50.78:808 works
2017-04-18 16:38:52,217 - newUK - INFO - 此次验证新UK ：0
2017-04-18 16:38:57,858 - getUk-1 - DEBUG - 使用本地IP
2017-04-18 16:38:58,502 - getUk-2 - DEBUG - 使用本地IP
2017-04-18 16:39:03,503 - getUk-2 - INFO - Now is searching: 拼贴幸福
2017-04-18 16:39:09,404 - getUk-1 - DEBUG - 使用本地IP
2017-04-18 16:39:16,367 - getUk-2 - DEBUG - 使用本地IP
2017-04-18 16:39:21,992 - writeMySQL - INFO - 当前新UK数 ：0
2017-04-18 16:39:22,220 - newUK - INFO - 此次验证新UK ：0
2017-04-18 16:39:26,434 - proxyCheck - DEBUG - 113.121.251.3:808 works
2017-04-18 16:39:30,000 - queueSize - INFO - Q1 Size：210; Q2 Size：2; Q3 Size：0; Q4 Size：0; Q5 Size：45;
2017-04-18 16:39:34,237 - getUk-2 - DEBUG - 使用本地IP
2017-04-18 16:39:35,000 - queueSize - INFO - proxyList：['222.85.50.78:808', '113.121.251.3:808', '119.5.0.115:808', '124.88.67.19:80', '101.4.136.34:80', '60.179.41.5:808', '113.121.254.134:808', '202.121.96.33:8086', '171.13.37.128:808', '61.186.164.98:8080']
2017-04-18 16:39:45,552 - getUk-1 - DEBUG - 使用本地IP
2017-04-18 16:39:52,223 - newUK - INFO - 此次验证新UK ：0
2017-04-18 16:39:53,799 - getUk-2 - DEBUG - 使用本地IP
2017-04-18 16:40:03,178 - getUk-1 - DEBUG - 使用本地IP
2017-04-18 16:40:13,997 - getUk-2 - DEBUG - 使用本地IP
2017-04-18 16:40:20,348 - getUk-1 - DEBUG - 使用本地IP
2017-04-18 16:40:21,994 - writeMySQL - INFO - 当前新UK数 ：0
2017-04-18 16:40:22,224 - newUK - INFO - 此次验证新UK ：0
2017-04-18 16:40:23,690 - getUk-1 - DEBUG - 使用本地IP
2017-04-18 16:40:29,513 - getUk-2 - DEBUG - 使用本地IP
2017-04-18 16:40:30,000 - queueSize - INFO - Q1 Size：200; Q2 Size：0; Q3 Size：0; Q4 Size：0; Q5 Size：45;
2017-04-18 16:40:35,062 - proxySource - DEBUG - 123.163.166.197:808 works
2017-04-18 16:40:43,302 - getUk-2 - DEBUG - 使用本地IP
2017-04-18 16:40:48,163 - getUk-1 - DEBUG - 使用本地IP
2017-04-18 16:40:52,226 - newUK - INFO - 此次验证新UK ：0
2017-04-18 16:40:57,035 - getUk-2 - DEBUG - 使用本地IP
2017-04-18 16:41:14,252 - getUk-1 - DEBUG - 使用本地IP
2017-04-18 16:41:19,529 - getUk-2 - DEBUG - 使用本地IP
2017-04-18 16:41:21,997 - writeMySQL - INFO - 当前新UK数 ：0
2017-04-18 16:41:22,229 - newUK - INFO - 此次验证新UK ：0
2017-04-18 16:41:30,000 - queueSize - INFO - Q1 Size：316; Q2 Size：1; Q3 Size：0; Q4 Size：0; Q5 Size：45;
2017-04-18 16:41:31,099 - getUk-1 - DEBUG - 使用本地IP
2017-04-18 16:41:35,000 - queueSize - INFO - proxyList：['123.163.166.197:808', '222.85.50.78:808', '113.121.251.3:808', '119.5.0.115:808', '124.88.67.19:80', '101.4.136.34:80', '60.179.41.5:808', '113.121.254.134:808', '202.121.96.33:8086', '171.13.37.128:808']
2017-04-18 16:41:36,101 - getUk-1 - INFO - Now is searching: 狗侦探
2017-04-18 16:41:41,065 - getUk-2 - DEBUG - 使用本地IP
2017-04-18 16:41:52,230 - newUK - INFO - 此次验证新UK ：0
2017-04-18 16:42:01,147 - getUk-1 - DEBUG - 使用本地IP
2017-04-18 16:42:02,740 - proxyCheck - DEBUG - 101.231.213.218:8080 works
2017-04-18 16:42:09,467 - getUk-2 - DEBUG - 使用本地IP
2017-04-18 16:42:09,734 - getUk-1 - DEBUG - 使用本地IP
2017-04-18 16:42:14,469 - getUk-2 - INFO - Now is searching: 珍惜的时光
2017-04-18 16:42:22,000 - writeMySQL - INFO - 当前新UK数 ：0
2017-04-18 16:42:22,232 - newUK - INFO - 此次验证新UK ：0
2017-04-18 16:42:26,562 - proxyCheck - DEBUG - 60.179.41.5:808 works
2017-04-18 16:42:30,000 - queueSize - INFO - Q1 Size：307; Q2 Size：2; Q3 Size：0; Q4 Size：0; Q5 Size：43;
2017-04-18 16:42:35,000 - queueSize - INFO - proxyList：['101.231.213.218:8080', '123.163.166.197:808', '222.85.50.78:808', '113.121.251.3:808', '119.5.0.115:808', '124.88.67.19:80', '101.4.136.34:80', '60.179.41.5:808', '113.121.254.134:808', '202.121.96.33:8086']
2017-04-18 16:42:41,276 - getUk-2 - DEBUG - 使用本地IP
2017-04-18 16:42:43,069 - getUk-1 - DEBUG - 使用本地IP
2017-04-18 16:42:52,233 - newUK - INFO - 此次验证新UK ：0
2017-04-18 16:43:07,882 - getUk-1 - DEBUG - 使用本地IP
2017-04-18 16:43:08,746 - getUk-2 - DEBUG - 使用本地IP
2017-04-18 16:43:12,299 - proxyCheck - DEBUG - 111.13.7.42:80 works
2017-04-18 16:43:22,002 - writeMySQL - INFO - 当前新UK数 ：0
2017-04-18 16:43:22,236 - newUK - INFO - 此次验证新UK ：0
2017-04-18 16:43:30,000 - queueSize - INFO - Q1 Size：298; Q2 Size：1; Q3 Size：0; Q4 Size：0; Q5 Size：43;
2017-04-18 16:43:30,956 - getUk-1 - DEBUG - 使用本地IP
2017-04-18 16:43:35,000 - queueSize - INFO - proxyList：['111.13.7.42:80', '101.231.213.218:8080', '123.163.166.197:808', '222.85.50.78:808', '113.121.251.3:808', '119.5.0.115:808', '124.88.67.19:80', '101.4.136.34:80', '60.179.41.5:808', '113.121.254.134:808']
2017-04-18 16:43:35,796 - getUk-2 - DEBUG - 使用本地IP
2017-04-18 16:43:42,631 - getUk-2 - DEBUG - 使用本地IP
2017-04-18 16:43:52,237 - newUK - INFO - 此次验证新UK ：0
2017-04-18 16:43:56,707 - getUk-2 - DEBUG - 使用本地IP
2017-04-18 16:43:57,716 - getUk-1 - DEBUG - 使用本地IP
2017-04-18 16:44:22,003 - writeMySQL - INFO - 当前新UK数 ：0
2017-04-18 16:44:22,240 - newUK - INFO - 此次验证新UK ：0
2017-04-18 16:44:22,561 - getUk-1 - DEBUG - 使用本地IP
2017-04-18 16:44:28,391 - getUk-2 - DEBUG - 使用本地IP
2017-04-18 16:44:30,000 - queueSize - INFO - Q1 Size：290; Q2 Size：0; Q3 Size：0; Q4 Size：0; Q5 Size：43;
2017-04-18 16:44:45,006 - getUk-2 - DEBUG - 使用本地IP
2017-04-18 16:44:52,242 - newUK - INFO - 此次验证新UK ：0
2017-04-18 16:44:54,003 - proxySource - DEBUG - 101.4.136.34:80 works
2017-04-18 16:45:02,888 - getUk-1 - DEBUG - 使用本地IP
2017-04-18 16:45:08,957 - getUk-1 - DEBUG - 使用本地IP
2017-04-18 16:45:13,436 - getUk-2 - DEBUG - 使用本地IP
2017-04-18 16:45:22,006 - writeMySQL - INFO - 当前新UK数 ：0
2017-04-18 16:45:22,243 - newUK - INFO - 此次验证新UK ：0
2017-04-18 16:45:30,000 - queueSize - INFO - Q1 Size：281; Q2 Size：1; Q3 Size：0; Q4 Size：0; Q5 Size：43;
2017-04-18 16:45:46,276 - getUk-2 - DEBUG - 使用本地IP
2017-04-18 16:45:48,960 - getUk-1 - DEBUG - 使用本地IP
2017-04-18 16:45:52,246 - newUK - INFO - 此次验证新UK ：0
2017-04-18 16:45:53,961 - getUk-1 - INFO - Now is searching: 热血男儿
2017-04-18 16:46:06,881 - getUk-1 - DEBUG - 使用本地IP
2017-04-18 16:46:07,615 - getUk-2 - DEBUG - 使用本地IP
2017-04-18 16:46:12,615 - getUk-2 - INFO - Now is searching: 萨沙
2017-04-18 16:46:22,009 - writeMySQL - INFO - 当前新UK数 ：0
2017-04-18 16:46:22,246 - newUK - INFO - 此次验证新UK ：0
2017-04-18 16:46:26,523 - getUk-2 - DEBUG - 使用本地IP
2017-04-18 16:46:30,000 - queueSize - INFO - Q1 Size：273; Q2 Size：0; Q3 Size：0; Q4 Size：0; Q5 Size：41;
2017-04-18 16:46:38,861 - getUk-1 - DEBUG - 使用本地IP
2017-04-18 16:46:52,249 - newUK - INFO - 此次验证新UK ：0
2017-04-18 16:47:00,654 - getUk-2 - DEBUG - 使用本地IP
2017-04-18 16:47:22,010 - writeMySQL - INFO - 当前新UK数 ：0
2017-04-18 16:47:22,252 - newUK - INFO - 此次验证新UK ：0
2017-04-18 16:47:27,095 - getUk-1 - DEBUG - 使用本地IP
2017-04-18 16:47:30,000 - queueSize - INFO - Q1 Size：265; Q2 Size：0; Q3 Size：0; Q4 Size：0; Q5 Size：41;
2017-04-18 16:47:46,608 - getUk-1 - DEBUG - 使用本地IP
2017-04-18 16:47:52,253 - newUK - INFO - 此次验证新UK ：0
2017-04-18 16:47:53,282 - getUk-2 - DEBUG - 使用本地IP
2017-04-18 16:47:58,542 - getUk-1 - DEBUG - 使用本地IP
2017-04-18 16:48:13,091 - getUk-1 - DEBUG - 使用本地IP
2017-04-18 16:48:17,529 - getUk-2 - DEBUG - 使用本地IP
2017-04-18 16:48:22,013 - writeMySQL - INFO - 当前新UK数 ：0
2017-04-18 16:48:22,026 - getUk-1 - DEBUG - 使用本地IP
2017-04-18 16:48:22,256 - newUK - INFO - 此次验证新UK ：0
2017-04-18 16:48:30,000 - queueSize - INFO - Q1 Size：257; Q2 Size：0; Q3 Size：0; Q4 Size：0; Q5 Size：41;
2017-04-18 16:48:39,226 - getUk-2 - DEBUG - 使用本地IP
2017-04-18 16:48:43,986 - getUk-1 - DEBUG - 使用本地IP
2017-04-18 16:48:52,257 - newUK - INFO - 此次验证新UK ：0
2017-04-18 16:49:09,996 - getUk-1 - DEBUG - 使用本地IP
2017-04-18 16:49:19,002 - getUk-2 - DEBUG - 使用本地IP
2017-04-18 16:49:20,306 - getUk-1 - DEBUG - 使用本地IP
2017-04-18 16:49:22,015 - writeMySQL - INFO - 当前新UK数 ：0
2017-04-18 16:49:22,259 - newUK - INFO - 此次验证新UK ：0
2017-04-18 16:49:25,308 - getUk-1 - INFO - Now is searching: 折翼
2017-04-18 16:49:30,000 - queueSize - INFO - Q1 Size：249; Q2 Size：0; Q3 Size：0; Q4 Size：0; Q5 Size：40;
2017-04-18 16:49:33,914 - proxySource - DEBUG - 124.88.67.19:80 works
2017-04-18 16:49:52,262 - newUK - INFO - 此次验证新UK ：0
2017-04-18 16:49:56,901 - getUk-2 - DEBUG - 使用本地IP
2017-04-18 16:50:12,838 - getUk-1 - DEBUG - 使用本地IP
2017-04-18 16:50:17,282 - proxyCheck - DEBUG - 171.13.37.128:808 works
2017-04-18 16:50:17,295 - proxySource - DEBUG - 122.235.1.86:808 works
2017-04-18 16:50:22,017 - writeMySQL - INFO - 当前新UK数 ：0
2017-04-18 16:50:22,263 - newUK - INFO - 此次验证新UK ：0
2017-04-18 16:50:30,000 - queueSize - INFO - Q1 Size：232; Q2 Size：2; Q3 Size：0; Q4 Size：0; Q5 Size：40;
2017-04-18 16:50:33,492 - getUk-2 - DEBUG - 使用本地IP
2017-04-18 16:50:33,825 - getUk-1 - DEBUG - 使用本地IP
2017-04-18 16:50:35,000 - queueSize - INFO - proxyList：['171.13.37.128:808', '122.235.1.86:808', '111.13.7.42:80', '101.231.213.218:8080', '123.163.166.197:808', '222.85.50.78:808', '113.121.251.3:808', '119.5.0.115:808', '124.88.67.19:80', '101.4.136.34:80']
2017-04-18 16:50:38,023 - getUk-2 - DEBUG - 使用本地IP
2017-04-18 16:50:52,266 - newUK - INFO - 此次验证新UK ：0
2017-04-18 16:50:56,082 - getUk-1 - DEBUG - 使用本地IP
2017-04-18 16:51:12,102 - getUk-2 - DEBUG - 使用本地IP
2017-04-18 16:51:17,104 - getUk-2 - INFO - Now is searching: 通宵
2017-04-18 16:51:19,355 - proxySource - DEBUG - 113.69.252.250:808 works
2017-04-18 16:51:22,022 - writeMySQL - INFO - 当前新UK数 ：0
2017-04-18 16:51:22,269 - newUK - INFO - 此次验证新UK ：0
2017-04-18 16:51:23,687 - getUk-1 - DEBUG - 使用本地IP
2017-04-18 16:51:30,000 - queueSize - INFO - Q1 Size：223; Q2 Size：1; Q3 Size：0; Q4 Size：0; Q5 Size：39;
2017-04-18 16:51:35,003 - queueSize - INFO - proxyList：['113.69.252.250:808', '171.13.37.128:808', '122.235.1.86:808', '111.13.7.42:80', '101.231.213.218:8080', '123.163.166.197:808', '222.85.50.78:808', '113.121.251.3:808', '119.5.0.115:808', '124.88.67.19:80']
2017-04-18 16:51:37,395 - getUk-2 - DEBUG - 使用本地IP
2017-04-18 16:51:42,440 - getUk-1 - DEBUG - 使用本地IP
2017-04-18 16:51:52,270 - newUK - INFO - 此次验证新UK ：0
2017-04-18 16:52:11,400 - getUk-2 - DEBUG - 使用本地IP
2017-04-18 16:52:22,025 - writeMySQL - INFO - 当前新UK数 ：0
2017-04-18 16:52:22,273 - newUK - INFO - 此次验证新UK ：0
2017-04-18 16:52:30,000 - queueSize - INFO - Q1 Size：211; Q2 Size：0; Q3 Size：0; Q4 Size：0; Q5 Size：39;
